Determining if the include file malloc/malloc.h exists failed with the following output:
Change Dir: /llvm-project-release-12.x/build/CMakeFiles/CMakeTmp

Run Build Command(s):/usr/bin/make cmTC_eb325/fast 
/usr/bin/make -f CMakeFiles/cmTC_eb325.dir/build.make CMakeFiles/cmTC_eb325.dir/build
make[1]: Entering directory '/llvm-project-release-12.x/build/CMakeFiles/CMakeTmp'
Building C object CMakeFiles/cmTC_eb325.dir/CheckIncludeFile.c.o
/usr/bin/cc    -o CMakeFiles/cmTC_eb325.dir/CheckIncludeFile.c.o   -c /llvm-project-release-12.x/build/CMakeFiles/CMakeTmp/CheckIncludeFile.c
/llvm-project-release-12.x/build/CMakeFiles/CMakeTmp/CheckIncludeFile.c:1:27: fatal error: malloc/malloc.h: No such file or directory
compilation terminated.
CMakeFiles/cmTC_eb325.dir/build.make:65: recipe for target 'CMakeFiles/cmTC_eb325.dir/CheckIncludeFile.c.o' failed
make[1]: *** [CMakeFiles/cmTC_eb325.dir/CheckIncludeFile.c.o] Error 1
make[1]: Leaving directory '/llvm-project-release-12.x/build/CMakeFiles/CMakeTmp'
Makefile:121: recipe for target 'cmTC_eb325/fast' failed
make: *** [cmTC_eb325/fast] Error 2


Determining if the include file valgrind/valgrind.h exists failed with the following output:
Change Dir: /llvm-project-release-12.x/build/CMakeFiles/CMakeTmp

Run Build Command(s):/usr/bin/make cmTC_181dc/fast 
/usr/bin/make -f CMakeFiles/cmTC_181dc.dir/build.make CMakeFiles/cmTC_181dc.dir/build
make[1]: Entering directory '/llvm-project-release-12.x/build/CMakeFiles/CMakeTmp'
Building C object CMakeFiles/cmTC_181dc.dir/CheckIncludeFile.c.o
/usr/bin/cc    -o CMakeFiles/cmTC_181dc.dir/CheckIncludeFile.c.o   -c /llvm-project-release-12.x/build/CMakeFiles/CMakeTmp/CheckIncludeFile.c
/llvm-project-release-12.x/build/CMakeFiles/CMakeTmp/CheckIncludeFile.c:1:31: fatal error: valgrind/valgrind.h: No such file or directory
compilation terminated.
CMakeFiles/cmTC_181dc.dir/build.make:65: recipe for target 'CMakeFiles/cmTC_181dc.dir/CheckIncludeFile.c.o' failed
make[1]: *** [CMakeFiles/cmTC_181dc.dir/CheckIncludeFile.c.o] Error 1
make[1]: Leaving directory '/llvm-project-release-12.x/build/CMakeFiles/CMakeTmp'
Makefile:121: recipe for target 'cmTC_181dc/fast' failed
make: *** [cmTC_181dc/fast] Error 2


Determining if the include file mach/mach.h exists failed with the following output:
Change Dir: /llvm-project-release-12.x/build/CMakeFiles/CMakeTmp

Run Build Command(s):/usr/bin/make cmTC_622b5/fast 
/usr/bin/make -f CMakeFiles/cmTC_622b5.dir/build.make CMakeFiles/cmTC_622b5.dir/build
make[1]: Entering directory '/llvm-project-release-12.x/build/CMakeFiles/CMakeTmp'
Building C object CMakeFiles/cmTC_622b5.dir/CheckIncludeFile.c.o
/usr/bin/cc    -o CMakeFiles/cmTC_622b5.dir/CheckIncludeFile.c.o   -c /llvm-project-release-12.x/build/CMakeFiles/CMakeTmp/CheckIncludeFile.c
/llvm-project-release-12.x/build/CMakeFiles/CMakeTmp/CheckIncludeFile.c:1:23: fatal error: mach/mach.h: No such file or directory
compilation terminated.
CMakeFiles/cmTC_622b5.dir/build.make:65: recipe for target 'CMakeFiles/cmTC_622b5.dir/CheckIncludeFile.c.o' failed
make[1]: *** [CMakeFiles/cmTC_622b5.dir/CheckIncludeFile.c.o] Error 1
make[1]: Leaving directory '/llvm-project-release-12.x/build/CMakeFiles/CMakeTmp'
Makefile:121: recipe for target 'cmTC_622b5/fast' failed
make: *** [cmTC_622b5/fast] Error 2


Determining if the include file histedit.h exists failed with the following output:
Change Dir: /llvm-project-release-12.x/build/CMakeFiles/CMakeTmp

Run Build Command(s):/usr/bin/make cmTC_aa01d/fast 
/usr/bin/make -f CMakeFiles/cmTC_aa01d.dir/build.make CMakeFiles/cmTC_aa01d.dir/build
make[1]: Entering directory '/llvm-project-release-12.x/build/CMakeFiles/CMakeTmp'
Building C object CMakeFiles/cmTC_aa01d.dir/CheckIncludeFile.c.o
/usr/bin/cc    -o CMakeFiles/cmTC_aa01d.dir/CheckIncludeFile.c.o   -c /llvm-project-release-12.x/build/CMakeFiles/CMakeTmp/CheckIncludeFile.c
/llvm-project-release-12.x/build/CMakeFiles/CMakeTmp/CheckIncludeFile.c:1:22: fatal error: histedit.h: No such file or directory
compilation terminated.
CMakeFiles/cmTC_aa01d.dir/build.make:65: recipe for target 'CMakeFiles/cmTC_aa01d.dir/CheckIncludeFile.c.o' failed
make[1]: *** [CMakeFiles/cmTC_aa01d.dir/CheckIncludeFile.c.o] Error 1
make[1]: Leaving directory '/llvm-project-release-12.x/build/CMakeFiles/CMakeTmp'
Makefile:121: recipe for target 'cmTC_aa01d/fast' failed
make: *** [cmTC_aa01d/fast] Error 2


Determining if the include file CrashReporterClient.h exists failed with the following output:
Change Dir: /llvm-project-release-12.x/build/CMakeFiles/CMakeTmp

Run Build Command(s):/usr/bin/make cmTC_e88ea/fast 
/usr/bin/make -f CMakeFiles/cmTC_e88ea.dir/build.make CMakeFiles/cmTC_e88ea.dir/build
make[1]: Entering directory '/llvm-project-release-12.x/build/CMakeFiles/CMakeTmp'
Building C object CMakeFiles/cmTC_e88ea.dir/CheckIncludeFile.c.o
/usr/bin/cc    -o CMakeFiles/cmTC_e88ea.dir/CheckIncludeFile.c.o   -c /llvm-project-release-12.x/build/CMakeFiles/CMakeTmp/CheckIncludeFile.c
/llvm-project-release-12.x/build/CMakeFiles/CMakeTmp/CheckIncludeFile.c:1:33: fatal error: CrashReporterClient.h: No such file or directory
compilation terminated.
CMakeFiles/cmTC_e88ea.dir/build.make:65: recipe for target 'CMakeFiles/cmTC_e88ea.dir/CheckIncludeFile.c.o' failed
make[1]: *** [CMakeFiles/cmTC_e88ea.dir/CheckIncludeFile.c.o] Error 1
make[1]: Leaving directory '/llvm-project-release-12.x/build/CMakeFiles/CMakeTmp'
Makefile:121: recipe for target 'cmTC_e88ea/fast' failed
make: *** [cmTC_e88ea/fast] Error 2


Determining if the function pfm_initialize exists in the pfm failed with the following output:
Change Dir: /llvm-project-release-12.x/build/CMakeFiles/CMakeTmp

Run Build Command(s):/usr/bin/make cmTC_f41ea/fast 
/usr/bin/make -f CMakeFiles/cmTC_f41ea.dir/build.make CMakeFiles/cmTC_f41ea.dir/build
make[1]: Entering directory '/llvm-project-release-12.x/build/CMakeFiles/CMakeTmp'
Building C object CMakeFiles/cmTC_f41ea.dir/CheckFunctionExists.c.o
/usr/bin/cc   -DCHECK_FUNCTION_EXISTS=pfm_initialize   -o CMakeFiles/cmTC_f41ea.dir/CheckFunctionExists.c.o   -c /usr/local/share/cmake-3.14/Modules/CheckFunctionExists.c
Linking C executable cmTC_f41ea
/usr/local/bin/cmake -E cmake_link_script CMakeFiles/cmTC_f41ea.dir/link.txt --verbose=1
/usr/bin/cc  -DCHECK_FUNCTION_EXISTS=pfm_initialize    CMakeFiles/cmTC_f41ea.dir/CheckFunctionExists.c.o  -o cmTC_f41ea -lpfm -lm 
/usr/bin/ld: cannot find -lpfm
collect2: error: ld returned 1 exit status
CMakeFiles/cmTC_f41ea.dir/build.make:86: recipe for target 'cmTC_f41ea' failed
make[1]: *** [cmTC_f41ea] Error 1
make[1]: Leaving directory '/llvm-project-release-12.x/build/CMakeFiles/CMakeTmp'
Makefile:121: recipe for target 'cmTC_f41ea/fast' failed
make: *** [cmTC_f41ea/fast] Error 2


Determining if the pthread_create exist failed with the following output:
Change Dir: /llvm-project-release-12.x/build/CMakeFiles/CMakeTmp

Run Build Command(s):/usr/bin/make cmTC_fa95b/fast 
/usr/bin/make -f CMakeFiles/cmTC_fa95b.dir/build.make CMakeFiles/cmTC_fa95b.dir/build
make[1]: Entering directory '/llvm-project-release-12.x/build/CMakeFiles/CMakeTmp'
Building C object CMakeFiles/cmTC_fa95b.dir/CheckSymbolExists.c.o
/usr/bin/cc    -o CMakeFiles/cmTC_fa95b.dir/CheckSymbolExists.c.o   -c /llvm-project-release-12.x/build/CMakeFiles/CMakeTmp/CheckSymbolExists.c
Linking C executable cmTC_fa95b
/usr/local/bin/cmake -E cmake_link_script CMakeFiles/cmTC_fa95b.dir/link.txt --verbose=1
/usr/bin/cc      CMakeFiles/cmTC_fa95b.dir/CheckSymbolExists.c.o  -o cmTC_fa95b -lm 
CMakeFiles/cmTC_fa95b.dir/CheckSymbolExists.c.o: In function `main':
CheckSymbolExists.c:(.text+0x16): undefined reference to `pthread_create'
collect2: error: ld returned 1 exit status
CMakeFiles/cmTC_fa95b.dir/build.make:86: recipe for target 'cmTC_fa95b' failed
make[1]: *** [cmTC_fa95b] Error 1
make[1]: Leaving directory '/llvm-project-release-12.x/build/CMakeFiles/CMakeTmp'
Makefile:121: recipe for target 'cmTC_fa95b/fast' failed
make: *** [cmTC_fa95b/fast] Error 2

File /llvm-project-release-12.x/build/CMakeFiles/CMakeTmp/CheckSymbolExists.c:
/* */
#include <pthread.h>

int main(int argc, char** argv)
{
  (void)argv;
#ifndef pthread_create
  return ((int*)(&pthread_create))[argc];
#else
  (void)argc;
  return 0;
#endif
}

Determining if the function pthread_create exists in the pthreads failed with the following output:
Change Dir: /llvm-project-release-12.x/build/CMakeFiles/CMakeTmp

Run Build Command(s):/usr/bin/make cmTC_b44c5/fast 
/usr/bin/make -f CMakeFiles/cmTC_b44c5.dir/build.make CMakeFiles/cmTC_b44c5.dir/build
make[1]: Entering directory '/llvm-project-release-12.x/build/CMakeFiles/CMakeTmp'
Building C object CMakeFiles/cmTC_b44c5.dir/CheckFunctionExists.c.o
/usr/bin/cc   -DCHECK_FUNCTION_EXISTS=pthread_create   -o CMakeFiles/cmTC_b44c5.dir/CheckFunctionExists.c.o   -c /usr/local/share/cmake-3.14/Modules/CheckFunctionExists.c
Linking C executable cmTC_b44c5
/usr/local/bin/cmake -E cmake_link_script CMakeFiles/cmTC_b44c5.dir/link.txt --verbose=1
/usr/bin/cc  -DCHECK_FUNCTION_EXISTS=pthread_create    CMakeFiles/cmTC_b44c5.dir/CheckFunctionExists.c.o  -o cmTC_b44c5 -lpthreads -lm 
/usr/bin/ld: cannot find -lpthreads
collect2: error: ld returned 1 exit status
CMakeFiles/cmTC_b44c5.dir/build.make:86: recipe for target 'cmTC_b44c5' failed
make[1]: *** [cmTC_b44c5] Error 1
make[1]: Leaving directory '/llvm-project-release-12.x/build/CMakeFiles/CMakeTmp'
Makefile:121: recipe for target 'cmTC_b44c5/fast' failed
make: *** [cmTC_b44c5/fast] Error 2


Determining if the function xar_open exists in the xar failed with the following output:
Change Dir: /llvm-project-release-12.x/build/CMakeFiles/CMakeTmp

Run Build Command(s):/usr/bin/make cmTC_5c404/fast 
/usr/bin/make -f CMakeFiles/cmTC_5c404.dir/build.make CMakeFiles/cmTC_5c404.dir/build
make[1]: Entering directory '/llvm-project-release-12.x/build/CMakeFiles/CMakeTmp'
Building C object CMakeFiles/cmTC_5c404.dir/CheckFunctionExists.c.o
/usr/bin/cc   -DCHECK_FUNCTION_EXISTS=xar_open   -o CMakeFiles/cmTC_5c404.dir/CheckFunctionExists.c.o   -c /usr/local/share/cmake-3.14/Modules/CheckFunctionExists.c
Linking C executable cmTC_5c404
/usr/local/bin/cmake -E cmake_link_script CMakeFiles/cmTC_5c404.dir/link.txt --verbose=1
/usr/bin/cc  -DCHECK_FUNCTION_EXISTS=xar_open    CMakeFiles/cmTC_5c404.dir/CheckFunctionExists.c.o  -o cmTC_5c404 -lxar -lm 
/usr/bin/ld: cannot find -lxar
collect2: error: ld returned 1 exit status
CMakeFiles/cmTC_5c404.dir/build.make:86: recipe for target 'cmTC_5c404' failed
make[1]: *** [cmTC_5c404] Error 1
make[1]: Leaving directory '/llvm-project-release-12.x/build/CMakeFiles/CMakeTmp'
Makefile:121: recipe for target 'cmTC_5c404/fast' failed
make: *** [cmTC_5c404/fast] Error 2


Determining if the arc4random exist failed with the following output:
Change Dir: /llvm-project-release-12.x/build/CMakeFiles/CMakeTmp

Run Build Command(s):/usr/bin/make cmTC_59ea0/fast 
/usr/bin/make -f CMakeFiles/cmTC_59ea0.dir/build.make CMakeFiles/cmTC_59ea0.dir/build
make[1]: Entering directory '/llvm-project-release-12.x/build/CMakeFiles/CMakeTmp'
Building C object CMakeFiles/cmTC_59ea0.dir/CheckSymbolExists.c.o
/usr/bin/cc    -o CMakeFiles/cmTC_59ea0.dir/CheckSymbolExists.c.o   -c /llvm-project-release-12.x/build/CMakeFiles/CMakeTmp/CheckSymbolExists.c
/llvm-project-release-12.x/build/CMakeFiles/CMakeTmp/CheckSymbolExists.c: In function 'main':
/llvm-project-release-12.x/build/CMakeFiles/CMakeTmp/CheckSymbolExists.c:8:19: error: 'arc4random' undeclared (first use in this function)
   return ((int*)(&arc4random))[argc];
                   ^
/llvm-project-release-12.x/build/CMakeFiles/CMakeTmp/CheckSymbolExists.c:8:19: note: each undeclared identifier is reported only once for each function it appears in
CMakeFiles/cmTC_59ea0.dir/build.make:65: recipe for target 'CMakeFiles/cmTC_59ea0.dir/CheckSymbolExists.c.o' failed
make[1]: *** [CMakeFiles/cmTC_59ea0.dir/CheckSymbolExists.c.o] Error 1
make[1]: Leaving directory '/llvm-project-release-12.x/build/CMakeFiles/CMakeTmp'
Makefile:121: recipe for target 'cmTC_59ea0/fast' failed
make: *** [cmTC_59ea0/fast] Error 2

File /llvm-project-release-12.x/build/CMakeFiles/CMakeTmp/CheckSymbolExists.c:
/* */
#include <stdlib.h>

int main(int argc, char** argv)
{
  (void)argv;
#ifndef arc4random
  return ((int*)(&arc4random))[argc];
#else
  (void)argc;
  return 0;
#endif
}

Performing C SOURCE FILE Test C_SUPPORTS_WERROR_UNGUARDED_AVAILABILITY_NEW failed with the following output:
Change Dir: /llvm-project-release-12.x/build/CMakeFiles/CMakeTmp

Run Build Command(s):/usr/bin/make cmTC_af42a/fast 
/usr/bin/make -f CMakeFiles/cmTC_af42a.dir/build.make CMakeFiles/cmTC_af42a.dir/build
make[1]: Entering directory '/llvm-project-release-12.x/build/CMakeFiles/CMakeTmp'
Building C object CMakeFiles/cmTC_af42a.dir/src.c.o
/usr/bin/cc   -DC_SUPPORTS_WERROR_UNGUARDED_AVAILABILITY_NEW   -Werror=unguarded-availability-new -o CMakeFiles/cmTC_af42a.dir/src.c.o   -c /llvm-project-release-12.x/build/CMakeFiles/CMakeTmp/src.c
cc1: error: -Werror=unguarded-availability-new: no option -Wunguarded-availability-new
CMakeFiles/cmTC_af42a.dir/build.make:65: recipe for target 'CMakeFiles/cmTC_af42a.dir/src.c.o' failed
make[1]: *** [CMakeFiles/cmTC_af42a.dir/src.c.o] Error 1
make[1]: Leaving directory '/llvm-project-release-12.x/build/CMakeFiles/CMakeTmp'
Makefile:121: recipe for target 'cmTC_af42a/fast' failed
make: *** [cmTC_af42a/fast] Error 2

Source file was:
int main(void) { return 0; }
Determining if the mallctl exist failed with the following output:
Change Dir: /llvm-project-release-12.x/build/CMakeFiles/CMakeTmp

Run Build Command(s):/usr/bin/make cmTC_4a784/fast 
/usr/bin/make -f CMakeFiles/cmTC_4a784.dir/build.make CMakeFiles/cmTC_4a784.dir/build
make[1]: Entering directory '/llvm-project-release-12.x/build/CMakeFiles/CMakeTmp'
Building C object CMakeFiles/cmTC_4a784.dir/CheckSymbolExists.c.o
/usr/bin/cc    -o CMakeFiles/cmTC_4a784.dir/CheckSymbolExists.c.o   -c /llvm-project-release-12.x/build/CMakeFiles/CMakeTmp/CheckSymbolExists.c
/llvm-project-release-12.x/build/CMakeFiles/CMakeTmp/CheckSymbolExists.c:2:23: fatal error: malloc_np.h: No such file or directory
compilation terminated.
CMakeFiles/cmTC_4a784.dir/build.make:65: recipe for target 'CMakeFiles/cmTC_4a784.dir/CheckSymbolExists.c.o' failed
make[1]: *** [CMakeFiles/cmTC_4a784.dir/CheckSymbolExists.c.o] Error 1
make[1]: Leaving directory '/llvm-project-release-12.x/build/CMakeFiles/CMakeTmp'
Makefile:121: recipe for target 'cmTC_4a784/fast' failed
make: *** [cmTC_4a784/fast] Error 2

File /llvm-project-release-12.x/build/CMakeFiles/CMakeTmp/CheckSymbolExists.c:
/* */
#include <malloc_np.h>

int main(int argc, char** argv)
{
  (void)argv;
#ifndef mallctl
  return ((int*)(&mallctl))[argc];
#else
  (void)argc;
  return 0;
#endif
}

Determining if the malloc_zone_statistics exist failed with the following output:
Change Dir: /llvm-project-release-12.x/build/CMakeFiles/CMakeTmp

Run Build Command(s):/usr/bin/make cmTC_5b064/fast 
/usr/bin/make -f CMakeFiles/cmTC_5b064.dir/build.make CMakeFiles/cmTC_5b064.dir/build
make[1]: Entering directory '/llvm-project-release-12.x/build/CMakeFiles/CMakeTmp'
Building C object CMakeFiles/cmTC_5b064.dir/CheckSymbolExists.c.o
/usr/bin/cc    -o CMakeFiles/cmTC_5b064.dir/CheckSymbolExists.c.o   -c /llvm-project-release-12.x/build/CMakeFiles/CMakeTmp/CheckSymbolExists.c
/llvm-project-release-12.x/build/CMakeFiles/CMakeTmp/CheckSymbolExists.c:2:27: fatal error: malloc/malloc.h: No such file or directory
compilation terminated.
CMakeFiles/cmTC_5b064.dir/build.make:65: recipe for target 'CMakeFiles/cmTC_5b064.dir/CheckSymbolExists.c.o' failed
make[1]: *** [CMakeFiles/cmTC_5b064.dir/CheckSymbolExists.c.o] Error 1
make[1]: Leaving directory '/llvm-project-release-12.x/build/CMakeFiles/CMakeTmp'
Makefile:121: recipe for target 'cmTC_5b064/fast' failed
make: *** [cmTC_5b064/fast] Error 2

File /llvm-project-release-12.x/build/CMakeFiles/CMakeTmp/CheckSymbolExists.c:
/* */
#include <malloc/malloc.h>

int main(int argc, char** argv)
{
  (void)argv;
#ifndef malloc_zone_statistics
  return ((int*)(&malloc_zone_statistics))[argc];
#else
  (void)argc;
  return 0;
#endif
}

Determining if the strerror_s exist failed with the following output:
Change Dir: /llvm-project-release-12.x/build/CMakeFiles/CMakeTmp

Run Build Command(s):/usr/bin/make cmTC_46a80/fast 
/usr/bin/make -f CMakeFiles/cmTC_46a80.dir/build.make CMakeFiles/cmTC_46a80.dir/build
make[1]: Entering directory '/llvm-project-release-12.x/build/CMakeFiles/CMakeTmp'
Building C object CMakeFiles/cmTC_46a80.dir/CheckSymbolExists.c.o
/usr/bin/cc    -o CMakeFiles/cmTC_46a80.dir/CheckSymbolExists.c.o   -c /llvm-project-release-12.x/build/CMakeFiles/CMakeTmp/CheckSymbolExists.c
/llvm-project-release-12.x/build/CMakeFiles/CMakeTmp/CheckSymbolExists.c: In function 'main':
/llvm-project-release-12.x/build/CMakeFiles/CMakeTmp/CheckSymbolExists.c:8:19: error: 'strerror_s' undeclared (first use in this function)
   return ((int*)(&strerror_s))[argc];
                   ^
/llvm-project-release-12.x/build/CMakeFiles/CMakeTmp/CheckSymbolExists.c:8:19: note: each undeclared identifier is reported only once for each function it appears in
CMakeFiles/cmTC_46a80.dir/build.make:65: recipe for target 'CMakeFiles/cmTC_46a80.dir/CheckSymbolExists.c.o' failed
make[1]: *** [CMakeFiles/cmTC_46a80.dir/CheckSymbolExists.c.o] Error 1
make[1]: Leaving directory '/llvm-project-release-12.x/build/CMakeFiles/CMakeTmp'
Makefile:121: recipe for target 'cmTC_46a80/fast' failed
make: *** [cmTC_46a80/fast] Error 2

File /llvm-project-release-12.x/build/CMakeFiles/CMakeTmp/CheckSymbolExists.c:
/* */
#include <string.h>

int main(int argc, char** argv)
{
  (void)argv;
#ifndef strerror_s
  return ((int*)(&strerror_s))[argc];
#else
  (void)argc;
  return 0;
#endif
}

Determining if the dladdr exist failed with the following output:
Change Dir: /llvm-project-release-12.x/build/CMakeFiles/CMakeTmp

Run Build Command(s):/usr/bin/make cmTC_cb8ec/fast 
/usr/bin/make -f CMakeFiles/cmTC_cb8ec.dir/build.make CMakeFiles/cmTC_cb8ec.dir/build
make[1]: Entering directory '/llvm-project-release-12.x/build/CMakeFiles/CMakeTmp'
Building C object CMakeFiles/cmTC_cb8ec.dir/CheckSymbolExists.c.o
/usr/bin/cc    -o CMakeFiles/cmTC_cb8ec.dir/CheckSymbolExists.c.o   -c /llvm-project-release-12.x/build/CMakeFiles/CMakeTmp/CheckSymbolExists.c
/llvm-project-release-12.x/build/CMakeFiles/CMakeTmp/CheckSymbolExists.c: In function 'main':
/llvm-project-release-12.x/build/CMakeFiles/CMakeTmp/CheckSymbolExists.c:8:19: error: 'dladdr' undeclared (first use in this function)
   return ((int*)(&dladdr))[argc];
                   ^
/llvm-project-release-12.x/build/CMakeFiles/CMakeTmp/CheckSymbolExists.c:8:19: note: each undeclared identifier is reported only once for each function it appears in
CMakeFiles/cmTC_cb8ec.dir/build.make:65: recipe for target 'CMakeFiles/cmTC_cb8ec.dir/CheckSymbolExists.c.o' failed
make[1]: *** [CMakeFiles/cmTC_cb8ec.dir/CheckSymbolExists.c.o] Error 1
make[1]: Leaving directory '/llvm-project-release-12.x/build/CMakeFiles/CMakeTmp'
Makefile:121: recipe for target 'cmTC_cb8ec/fast' failed
make: *** [cmTC_cb8ec/fast] Error 2

File /llvm-project-release-12.x/build/CMakeFiles/CMakeTmp/CheckSymbolExists.c:
/* */
#include <dlfcn.h>

int main(int argc, char** argv)
{
  (void)argv;
#ifndef dladdr
  return ((int*)(&dladdr))[argc];
#else
  (void)argc;
  return 0;
#endif
}

Performing C SOURCE FILE Test HAVE_STRUCT_STAT_ST_MTIMESPEC_TV_NSEC failed with the following output:
Change Dir: /llvm-project-release-12.x/build/CMakeFiles/CMakeTmp

Run Build Command(s):/usr/bin/make cmTC_5a047/fast 
/usr/bin/make -f CMakeFiles/cmTC_5a047.dir/build.make CMakeFiles/cmTC_5a047.dir/build
make[1]: Entering directory '/llvm-project-release-12.x/build/CMakeFiles/CMakeTmp'
Building C object CMakeFiles/cmTC_5a047.dir/src.c.o
/usr/bin/cc   -DHAVE_STRUCT_STAT_ST_MTIMESPEC_TV_NSEC   -o CMakeFiles/cmTC_5a047.dir/src.c.o   -c /llvm-project-release-12.x/build/CMakeFiles/CMakeTmp/src.c
/llvm-project-release-12.x/build/CMakeFiles/CMakeTmp/src.c: In function 'main':
/llvm-project-release-12.x/build/CMakeFiles/CMakeTmp/src.c:7:35: error: 'struct stat' has no member named 'st_mtimespec'
    (void)sizeof(((struct stat *)0)->st_mtimespec.tv_nsec);
                                   ^
CMakeFiles/cmTC_5a047.dir/build.make:65: recipe for target 'CMakeFiles/cmTC_5a047.dir/src.c.o' failed
make[1]: *** [CMakeFiles/cmTC_5a047.dir/src.c.o] Error 1
make[1]: Leaving directory '/llvm-project-release-12.x/build/CMakeFiles/CMakeTmp'
Makefile:121: recipe for target 'cmTC_5a047/fast' failed
make: *** [cmTC_5a047/fast] Error 2

Source file was:

#include <sys/types.h>
#include <sys/stat.h>

int main()
{
   (void)sizeof(((struct stat *)0)->st_mtimespec.tv_nsec);
   return 0;
}

Performing C++ SOURCE FILE Test SUPPORTS_GNU_ZERO_VARIADIC_MACRO_ARGUMENTS_FLAG failed with the following output:
Change Dir: /llvm-project-release-12.x/build/CMakeFiles/CMakeTmp

Run Build Command(s):/usr/bin/make cmTC_7dfe7/fast 
/usr/bin/make -f CMakeFiles/cmTC_7dfe7.dir/build.make CMakeFiles/cmTC_7dfe7.dir/build
make[1]: Entering directory '/llvm-project-release-12.x/build/CMakeFiles/CMakeTmp'
Building CXX object CMakeFiles/cmTC_7dfe7.dir/src.cxx.o
/usr/bin/c++    -DSUPPORTS_GNU_ZERO_VARIADIC_MACRO_ARGUMENTS_FLAG   -Wgnu-zero-variadic-macro-arguments -std=c++14 -o CMakeFiles/cmTC_7dfe7.dir/src.cxx.o -c /llvm-project-release-12.x/build/CMakeFiles/CMakeTmp/src.cxx
c++: error: unrecognized command line option '-Wgnu-zero-variadic-macro-arguments'
CMakeFiles/cmTC_7dfe7.dir/build.make:65: recipe for target 'CMakeFiles/cmTC_7dfe7.dir/src.cxx.o' failed
make[1]: *** [CMakeFiles/cmTC_7dfe7.dir/src.cxx.o] Error 1
make[1]: Leaving directory '/llvm-project-release-12.x/build/CMakeFiles/CMakeTmp'
Makefile:121: recipe for target 'cmTC_7dfe7/fast' failed
make: *** [cmTC_7dfe7/fast] Error 2

Source file was:
int main() { return 0; }
Performing C++ SOURCE FILE Test CXX_SUPPORTS_WERROR_UNGUARDED_AVAILABILITY_NEW failed with the following output:
Change Dir: /llvm-project-release-12.x/build/CMakeFiles/CMakeTmp

Run Build Command(s):/usr/bin/make cmTC_9b818/fast 
/usr/bin/make -f CMakeFiles/cmTC_9b818.dir/build.make CMakeFiles/cmTC_9b818.dir/build
make[1]: Entering directory '/llvm-project-release-12.x/build/CMakeFiles/CMakeTmp'
Building CXX object CMakeFiles/cmTC_9b818.dir/src.cxx.o
/usr/bin/c++    -fPIC -fvisibility-inlines-hidden -Werror=date-time -DCXX_SUPPORTS_WERROR_UNGUARDED_AVAILABILITY_NEW   -Werror -Werror=unguarded-availability-new -std=c++14 -o CMakeFiles/cmTC_9b818.dir/src.cxx.o -c /llvm-project-release-12.x/build/CMakeFiles/CMakeTmp/src.cxx
cc1plus: error: -Werror=unguarded-availability-new: no option -Wunguarded-availability-new
CMakeFiles/cmTC_9b818.dir/build.make:65: recipe for target 'CMakeFiles/cmTC_9b818.dir/src.cxx.o' failed
make[1]: *** [CMakeFiles/cmTC_9b818.dir/src.cxx.o] Error 1
make[1]: Leaving directory '/llvm-project-release-12.x/build/CMakeFiles/CMakeTmp'
Makefile:121: recipe for target 'cmTC_9b818/fast' failed
make: *** [cmTC_9b818/fast] Error 2

Source file was:
int main() { return 0; }
Determining if the os_signpost_interval_begin exist failed with the following output:
Change Dir: /llvm-project-release-12.x/build/CMakeFiles/CMakeTmp

Run Build Command(s):/usr/bin/make cmTC_2c8e3/fast 
/usr/bin/make -f CMakeFiles/cmTC_2c8e3.dir/build.make CMakeFiles/cmTC_2c8e3.dir/build
make[1]: Entering directory '/llvm-project-release-12.x/build/CMakeFiles/CMakeTmp'
Building C object CMakeFiles/cmTC_2c8e3.dir/CheckSymbolExists.c.o
/usr/bin/cc -D_GNU_SOURCE  -fPIC -Werror=date-time -w -ffunction-sections -fdata-sections    -o CMakeFiles/cmTC_2c8e3.dir/CheckSymbolExists.c.o   -c /llvm-project-release-12.x/build/CMakeFiles/CMakeTmp/CheckSymbolExists.c
/llvm-project-release-12.x/build/CMakeFiles/CMakeTmp/CheckSymbolExists.c:2:25: fatal error: os/signpost.h: No such file or directory
compilation terminated.
CMakeFiles/cmTC_2c8e3.dir/build.make:65: recipe for target 'CMakeFiles/cmTC_2c8e3.dir/CheckSymbolExists.c.o' failed
make[1]: *** [CMakeFiles/cmTC_2c8e3.dir/CheckSymbolExists.c.o] Error 1
make[1]: Leaving directory '/llvm-project-release-12.x/build/CMakeFiles/CMakeTmp'
Makefile:121: recipe for target 'cmTC_2c8e3/fast' failed
make: *** [cmTC_2c8e3/fast] Error 2

File /llvm-project-release-12.x/build/CMakeFiles/CMakeTmp/CheckSymbolExists.c:
/* */
#include <os/signpost.h>

int main(int argc, char** argv)
{
  (void)argv;
#ifndef os_signpost_interval_begin
  return ((int*)(&os_signpost_interval_begin))[argc];
#else
  (void)argc;
  return 0;
#endif
}

Determining if the __arm__ exist failed with the following output:
Change Dir: /llvm-project-release-12.x/build/CMakeFiles/CMakeTmp

Run Build Command(s):/usr/bin/make cmTC_d58e5/fast 
/usr/bin/make -f CMakeFiles/cmTC_d58e5.dir/build.make CMakeFiles/cmTC_d58e5.dir/build
make[1]: Entering directory '/llvm-project-release-12.x/build/CMakeFiles/CMakeTmp'
Building C object CMakeFiles/cmTC_d58e5.dir/CheckSymbolExists.c.o
/usr/bin/cc -D_GNU_SOURCE  -fPIC -Werror=date-time -w -ffunction-sections -fdata-sections  -nodefaultlibs   -o CMakeFiles/cmTC_d58e5.dir/CheckSymbolExists.c.o   -c /llvm-project-release-12.x/build/CMakeFiles/CMakeTmp/CheckSymbolExists.c
/llvm-project-release-12.x/build/CMakeFiles/CMakeTmp/CheckSymbolExists.c: In function 'main':
/llvm-project-release-12.x/build/CMakeFiles/CMakeTmp/CheckSymbolExists.c:7:19: error: '__arm__' undeclared (first use in this function)
   return ((int*)(&__arm__))[argc];
                   ^
/llvm-project-release-12.x/build/CMakeFiles/CMakeTmp/CheckSymbolExists.c:7:19: note: each undeclared identifier is reported only once for each function it appears in
CMakeFiles/cmTC_d58e5.dir/build.make:65: recipe for target 'CMakeFiles/cmTC_d58e5.dir/CheckSymbolExists.c.o' failed
make[1]: *** [CMakeFiles/cmTC_d58e5.dir/CheckSymbolExists.c.o] Error 1
make[1]: Leaving directory '/llvm-project-release-12.x/build/CMakeFiles/CMakeTmp'
Makefile:121: recipe for target 'cmTC_d58e5/fast' failed
make: *** [cmTC_d58e5/fast] Error 2

File /llvm-project-release-12.x/build/CMakeFiles/CMakeTmp/CheckSymbolExists.c:
/* */

int main(int argc, char** argv)
{
  (void)argv;
#ifndef __arm__
  return ((int*)(&__arm__))[argc];
#else
  (void)argc;
  return 0;
#endif
}

Determining if the __USING_SJLJ_EXCEPTIONS__ exist failed with the following output:
Change Dir: /llvm-project-release-12.x/build/CMakeFiles/CMakeTmp

Run Build Command(s):/usr/bin/make cmTC_a0bbe/fast 
/usr/bin/make -f CMakeFiles/cmTC_a0bbe.dir/build.make CMakeFiles/cmTC_a0bbe.dir/build
make[1]: Entering directory '/llvm-project-release-12.x/build/CMakeFiles/CMakeTmp'
Building C object CMakeFiles/cmTC_a0bbe.dir/CheckSymbolExists.c.o
/usr/bin/cc -D_GNU_SOURCE  -fPIC -Werror=date-time -w -ffunction-sections -fdata-sections  -nodefaultlibs   -o CMakeFiles/cmTC_a0bbe.dir/CheckSymbolExists.c.o   -c /llvm-project-release-12.x/build/CMakeFiles/CMakeTmp/CheckSymbolExists.c
/llvm-project-release-12.x/build/CMakeFiles/CMakeTmp/CheckSymbolExists.c: In function 'main':
/llvm-project-release-12.x/build/CMakeFiles/CMakeTmp/CheckSymbolExists.c:7:19: error: '__USING_SJLJ_EXCEPTIONS__' undeclared (first use in this function)
   return ((int*)(&__USING_SJLJ_EXCEPTIONS__))[argc];
                   ^
/llvm-project-release-12.x/build/CMakeFiles/CMakeTmp/CheckSymbolExists.c:7:19: note: each undeclared identifier is reported only once for each function it appears in
CMakeFiles/cmTC_a0bbe.dir/build.make:65: recipe for target 'CMakeFiles/cmTC_a0bbe.dir/CheckSymbolExists.c.o' failed
make[1]: *** [CMakeFiles/cmTC_a0bbe.dir/CheckSymbolExists.c.o] Error 1
make[1]: Leaving directory '/llvm-project-release-12.x/build/CMakeFiles/CMakeTmp'
Makefile:121: recipe for target 'cmTC_a0bbe/fast' failed
make: *** [cmTC_a0bbe/fast] Error 2

File /llvm-project-release-12.x/build/CMakeFiles/CMakeTmp/CheckSymbolExists.c:
/* */

int main(int argc, char** argv)
{
  (void)argv;
#ifndef __USING_SJLJ_EXCEPTIONS__
  return ((int*)(&__USING_SJLJ_EXCEPTIONS__))[argc];
#else
  (void)argc;
  return 0;
#endif
}

Determining if the __ARM_DWARF_EH__ exist failed with the following output:
Change Dir: /llvm-project-release-12.x/build/CMakeFiles/CMakeTmp

Run Build Command(s):/usr/bin/make cmTC_a4c1f/fast 
/usr/bin/make -f CMakeFiles/cmTC_a4c1f.dir/build.make CMakeFiles/cmTC_a4c1f.dir/build
make[1]: Entering directory '/llvm-project-release-12.x/build/CMakeFiles/CMakeTmp'
Building C object CMakeFiles/cmTC_a4c1f.dir/CheckSymbolExists.c.o
/usr/bin/cc -D_GNU_SOURCE  -fPIC -Werror=date-time -w -ffunction-sections -fdata-sections  -nodefaultlibs   -o CMakeFiles/cmTC_a4c1f.dir/CheckSymbolExists.c.o   -c /llvm-project-release-12.x/build/CMakeFiles/CMakeTmp/CheckSymbolExists.c
/llvm-project-release-12.x/build/CMakeFiles/CMakeTmp/CheckSymbolExists.c: In function 'main':
/llvm-project-release-12.x/build/CMakeFiles/CMakeTmp/CheckSymbolExists.c:7:19: error: '__ARM_DWARF_EH__' undeclared (first use in this function)
   return ((int*)(&__ARM_DWARF_EH__))[argc];
                   ^
/llvm-project-release-12.x/build/CMakeFiles/CMakeTmp/CheckSymbolExists.c:7:19: note: each undeclared identifier is reported only once for each function it appears in
CMakeFiles/cmTC_a4c1f.dir/build.make:65: recipe for target 'CMakeFiles/cmTC_a4c1f.dir/CheckSymbolExists.c.o' failed
make[1]: *** [CMakeFiles/cmTC_a4c1f.dir/CheckSymbolExists.c.o] Error 1
make[1]: Leaving directory '/llvm-project-release-12.x/build/CMakeFiles/CMakeTmp'
Makefile:121: recipe for target 'cmTC_a4c1f/fast' failed
make: *** [cmTC_a4c1f/fast] Error 2

File /llvm-project-release-12.x/build/CMakeFiles/CMakeTmp/CheckSymbolExists.c:
/* */

int main(int argc, char** argv)
{
  (void)argv;
#ifndef __ARM_DWARF_EH__
  return ((int*)(&__ARM_DWARF_EH__))[argc];
#else
  (void)argc;
  return 0;
#endif
}

Performing C++ SOURCE FILE Test LIBUNWIND_SUPPORTS_WMISMATCHED_TAGS_FLAG failed with the following output:
Change Dir: /llvm-project-release-12.x/build/CMakeFiles/CMakeTmp

Run Build Command(s):/usr/bin/make cmTC_54b10/fast 
/usr/bin/make -f CMakeFiles/cmTC_54b10.dir/build.make CMakeFiles/cmTC_54b10.dir/build
make[1]: Entering directory '/llvm-project-release-12.x/build/CMakeFiles/CMakeTmp'
Building CXX object CMakeFiles/cmTC_54b10.dir/src.cxx.o
/usr/bin/c++    -fPIC -fvisibility-inlines-hidden -Werror=date-time -w -ffunction-sections -fdata-sections -DLIBUNWIND_SUPPORTS_WMISMATCHED_TAGS_FLAG  -nodefaultlibs   -Wmismatched-tags -std=c++14 -o CMakeFiles/cmTC_54b10.dir/src.cxx.o -c /llvm-project-release-12.x/build/CMakeFiles/CMakeTmp/src.cxx
c++: error: unrecognized command line option '-Wmismatched-tags'
CMakeFiles/cmTC_54b10.dir/build.make:65: recipe for target 'CMakeFiles/cmTC_54b10.dir/src.cxx.o' failed
make[1]: *** [CMakeFiles/cmTC_54b10.dir/src.cxx.o] Error 1
make[1]: Leaving directory '/llvm-project-release-12.x/build/CMakeFiles/CMakeTmp'
Makefile:121: recipe for target 'cmTC_54b10/fast' failed
make: *** [cmTC_54b10/fast] Error 2

Source file was:
int main() { return 0; }
Performing C++ SOURCE FILE Test LIBUNWIND_SUPPORTS_WNEWLINE_EOF_FLAG failed with the following output:
Change Dir: /llvm-project-release-12.x/build/CMakeFiles/CMakeTmp

Run Build Command(s):/usr/bin/make cmTC_5db41/fast 
/usr/bin/make -f CMakeFiles/cmTC_5db41.dir/build.make CMakeFiles/cmTC_5db41.dir/build
make[1]: Entering directory '/llvm-project-release-12.x/build/CMakeFiles/CMakeTmp'
Building CXX object CMakeFiles/cmTC_5db41.dir/src.cxx.o
/usr/bin/c++    -fPIC -fvisibility-inlines-hidden -Werror=date-time -w -ffunction-sections -fdata-sections -DLIBUNWIND_SUPPORTS_WNEWLINE_EOF_FLAG  -nodefaultlibs   -Wnewline-eof -std=c++14 -o CMakeFiles/cmTC_5db41.dir/src.cxx.o -c /llvm-project-release-12.x/build/CMakeFiles/CMakeTmp/src.cxx
c++: error: unrecognized command line option '-Wnewline-eof'
CMakeFiles/cmTC_5db41.dir/build.make:65: recipe for target 'CMakeFiles/cmTC_5db41.dir/src.cxx.o' failed
make[1]: *** [CMakeFiles/cmTC_5db41.dir/src.cxx.o] Error 1
make[1]: Leaving directory '/llvm-project-release-12.x/build/CMakeFiles/CMakeTmp'
Makefile:121: recipe for target 'cmTC_5db41/fast' failed
make: *** [cmTC_5db41/fast] Error 2

Source file was:
int main() { return 0; }
Performing C++ SOURCE FILE Test LIBUNWIND_SUPPORTS_WSHORTEN_64_TO_32_FLAG failed with the following output:
Change Dir: /llvm-project-release-12.x/build/CMakeFiles/CMakeTmp

Run Build Command(s):/usr/bin/make cmTC_04348/fast 
/usr/bin/make -f CMakeFiles/cmTC_04348.dir/build.make CMakeFiles/cmTC_04348.dir/build
make[1]: Entering directory '/llvm-project-release-12.x/build/CMakeFiles/CMakeTmp'
Building CXX object CMakeFiles/cmTC_04348.dir/src.cxx.o
/usr/bin/c++    -fPIC -fvisibility-inlines-hidden -Werror=date-time -w -ffunction-sections -fdata-sections -DLIBUNWIND_SUPPORTS_WSHORTEN_64_TO_32_FLAG  -nodefaultlibs   -Wshorten-64-to-32 -std=c++14 -o CMakeFiles/cmTC_04348.dir/src.cxx.o -c /llvm-project-release-12.x/build/CMakeFiles/CMakeTmp/src.cxx
c++: error: unrecognized command line option '-Wshorten-64-to-32'
CMakeFiles/cmTC_04348.dir/build.make:65: recipe for target 'CMakeFiles/cmTC_04348.dir/src.cxx.o' failed
make[1]: *** [CMakeFiles/cmTC_04348.dir/src.cxx.o] Error 1
make[1]: Leaving directory '/llvm-project-release-12.x/build/CMakeFiles/CMakeTmp'
Makefile:121: recipe for target 'cmTC_04348/fast' failed
make: *** [cmTC_04348/fast] Error 2

Source file was:
int main() { return 0; }
Performing C++ SOURCE FILE Test LIBUNWIND_SUPPORTS_WX_FLAG failed with the following output:
Change Dir: /llvm-project-release-12.x/build/CMakeFiles/CMakeTmp

Run Build Command(s):/usr/bin/make cmTC_83c7f/fast 
/usr/bin/make -f CMakeFiles/cmTC_83c7f.dir/build.make CMakeFiles/cmTC_83c7f.dir/build
make[1]: Entering directory '/llvm-project-release-12.x/build/CMakeFiles/CMakeTmp'
Building CXX object CMakeFiles/cmTC_83c7f.dir/src.cxx.o
/usr/bin/c++    -fPIC -fvisibility-inlines-hidden -Werror=date-time -w -ffunction-sections -fdata-sections -DLIBUNWIND_SUPPORTS_WX_FLAG  -nodefaultlibs   -WX- -std=c++14 -o CMakeFiles/cmTC_83c7f.dir/src.cxx.o -c /llvm-project-release-12.x/build/CMakeFiles/CMakeTmp/src.cxx
c++: error: unrecognized command line option '-WX-'
CMakeFiles/cmTC_83c7f.dir/build.make:65: recipe for target 'CMakeFiles/cmTC_83c7f.dir/src.cxx.o' failed
make[1]: *** [CMakeFiles/cmTC_83c7f.dir/src.cxx.o] Error 1
make[1]: Leaving directory '/llvm-project-release-12.x/build/CMakeFiles/CMakeTmp'
Makefile:121: recipe for target 'cmTC_83c7f/fast' failed
make: *** [cmTC_83c7f/fast] Error 2

Source file was:
int main() { return 0; }
Performing C++ SOURCE FILE Test LIBUNWIND_SUPPORTS_EHSC_FLAG failed with the following output:
Change Dir: /llvm-project-release-12.x/build/CMakeFiles/CMakeTmp

Run Build Command(s):/usr/bin/make cmTC_1e33a/fast 
/usr/bin/make -f CMakeFiles/cmTC_1e33a.dir/build.make CMakeFiles/cmTC_1e33a.dir/build
make[1]: Entering directory '/llvm-project-release-12.x/build/CMakeFiles/CMakeTmp'
Building CXX object CMakeFiles/cmTC_1e33a.dir/src.cxx.o
/usr/bin/c++    -fPIC -fvisibility-inlines-hidden -Werror=date-time -w -ffunction-sections -fdata-sections -DLIBUNWIND_SUPPORTS_EHSC_FLAG  -nodefaultlibs   -EHsc -std=c++14 -o CMakeFiles/cmTC_1e33a.dir/src.cxx.o -c /llvm-project-release-12.x/build/CMakeFiles/CMakeTmp/src.cxx
c++: error: unrecognized command line option '-EHsc'
CMakeFiles/cmTC_1e33a.dir/build.make:65: recipe for target 'CMakeFiles/cmTC_1e33a.dir/src.cxx.o' failed
make[1]: *** [CMakeFiles/cmTC_1e33a.dir/src.cxx.o] Error 1
make[1]: Leaving directory '/llvm-project-release-12.x/build/CMakeFiles/CMakeTmp'
Makefile:121: recipe for target 'cmTC_1e33a/fast' failed
make: *** [cmTC_1e33a/fast] Error 2

Source file was:
int main() { return 0; }
Determining if the function __aeabi_uldivmod exists in the gcc failed with the following output:
Change Dir: /llvm-project-release-12.x/build/CMakeFiles/CMakeTmp

Run Build Command(s):/usr/bin/make cmTC_a6c73/fast 
/usr/bin/make -f CMakeFiles/cmTC_a6c73.dir/build.make CMakeFiles/cmTC_a6c73.dir/build
make[1]: Entering directory '/llvm-project-release-12.x/build/CMakeFiles/CMakeTmp'
Building C object CMakeFiles/cmTC_a6c73.dir/CheckFunctionExists.c.o
/usr/bin/cc -D_GNU_SOURCE  -fPIC -Werror=date-time -w -ffunction-sections -fdata-sections -DCHECK_FUNCTION_EXISTS=__aeabi_uldivmod   -o CMakeFiles/cmTC_a6c73.dir/CheckFunctionExists.c.o   -c /usr/local/share/cmake-3.14/Modules/CheckFunctionExists.c
Linking C executable cmTC_a6c73
/usr/local/bin/cmake -E cmake_link_script CMakeFiles/cmTC_a6c73.dir/link.txt --verbose=1
/usr/bin/cc  -fPIC -Werror=date-time -w -ffunction-sections -fdata-sections -DCHECK_FUNCTION_EXISTS=__aeabi_uldivmod    CMakeFiles/cmTC_a6c73.dir/CheckFunctionExists.c.o  -o cmTC_a6c73 -lgcc -lm 
CMakeFiles/cmTC_a6c73.dir/CheckFunctionExists.c.o: In function `main':
CheckFunctionExists.c:(.text.main+0x10): undefined reference to `__aeabi_uldivmod'
collect2: error: ld returned 1 exit status
CMakeFiles/cmTC_a6c73.dir/build.make:86: recipe for target 'cmTC_a6c73' failed
make[1]: *** [cmTC_a6c73] Error 1
make[1]: Leaving directory '/llvm-project-release-12.x/build/CMakeFiles/CMakeTmp'
Makefile:121: recipe for target 'cmTC_a6c73/fast' failed
make: *** [cmTC_a6c73/fast] Error 2


Determining if the function write exists in the System failed with the following output:
Change Dir: /llvm-project-release-12.x/build/CMakeFiles/CMakeTmp

Run Build Command(s):/usr/bin/make cmTC_24f20/fast 
/usr/bin/make -f CMakeFiles/cmTC_24f20.dir/build.make CMakeFiles/cmTC_24f20.dir/build
make[1]: Entering directory '/llvm-project-release-12.x/build/CMakeFiles/CMakeTmp'
Building C object CMakeFiles/cmTC_24f20.dir/CheckFunctionExists.c.o
/usr/bin/cc -D_GNU_SOURCE  -fPIC -Werror=date-time -w -ffunction-sections -fdata-sections -DCHECK_FUNCTION_EXISTS=write  -nodefaultlibs   -o CMakeFiles/cmTC_24f20.dir/CheckFunctionExists.c.o   -c /usr/local/share/cmake-3.14/Modules/CheckFunctionExists.c
Linking C executable cmTC_24f20
/usr/local/bin/cmake -E cmake_link_script CMakeFiles/cmTC_24f20.dir/link.txt --verbose=1
/usr/bin/cc  -fPIC -Werror=date-time -w -ffunction-sections -fdata-sections -DCHECK_FUNCTION_EXISTS=write  -nodefaultlibs    CMakeFiles/cmTC_24f20.dir/CheckFunctionExists.c.o  -o cmTC_24f20 -lSystem -lm -lc -lgcc_s 
/usr/bin/ld: cannot find -lSystem
collect2: error: ld returned 1 exit status
CMakeFiles/cmTC_24f20.dir/build.make:86: recipe for target 'cmTC_24f20' failed
make[1]: *** [cmTC_24f20] Error 1
make[1]: Leaving directory '/llvm-project-release-12.x/build/CMakeFiles/CMakeTmp'
Makefile:121: recipe for target 'cmTC_24f20/fast' failed
make: *** [cmTC_24f20/fast] Error 2


Performing C++ SOURCE FILE Test LIBCXXABI_SUPPORTS_WMISMATCHED_TAGS_FLAG failed with the following output:
Change Dir: /llvm-project-release-12.x/build/CMakeFiles/CMakeTmp

Run Build Command(s):/usr/bin/make cmTC_60a32/fast 
/usr/bin/make -f CMakeFiles/cmTC_60a32.dir/build.make CMakeFiles/cmTC_60a32.dir/build
make[1]: Entering directory '/llvm-project-release-12.x/build/CMakeFiles/CMakeTmp'
Building CXX object CMakeFiles/cmTC_60a32.dir/src.cxx.o
/usr/bin/c++    -fPIC -fvisibility-inlines-hidden -Werror=date-time -w -ffunction-sections -fdata-sections -DLIBCXXABI_SUPPORTS_WMISMATCHED_TAGS_FLAG  -nodefaultlibs   -Wmismatched-tags -std=c++14 -o CMakeFiles/cmTC_60a32.dir/src.cxx.o -c /llvm-project-release-12.x/build/CMakeFiles/CMakeTmp/src.cxx
c++: error: unrecognized command line option '-Wmismatched-tags'
CMakeFiles/cmTC_60a32.dir/build.make:65: recipe for target 'CMakeFiles/cmTC_60a32.dir/src.cxx.o' failed
make[1]: *** [CMakeFiles/cmTC_60a32.dir/src.cxx.o] Error 1
make[1]: Leaving directory '/llvm-project-release-12.x/build/CMakeFiles/CMakeTmp'
Makefile:121: recipe for target 'cmTC_60a32/fast' failed
make: *** [cmTC_60a32/fast] Error 2

Source file was:
int main() { return 0; }
Performing C++ SOURCE FILE Test LIBCXXABI_SUPPORTS_WNEWLINE_EOF_FLAG failed with the following output:
Change Dir: /llvm-project-release-12.x/build/CMakeFiles/CMakeTmp

Run Build Command(s):/usr/bin/make cmTC_9ab30/fast 
/usr/bin/make -f CMakeFiles/cmTC_9ab30.dir/build.make CMakeFiles/cmTC_9ab30.dir/build
make[1]: Entering directory '/llvm-project-release-12.x/build/CMakeFiles/CMakeTmp'
Building CXX object CMakeFiles/cmTC_9ab30.dir/src.cxx.o
/usr/bin/c++    -fPIC -fvisibility-inlines-hidden -Werror=date-time -w -ffunction-sections -fdata-sections -DLIBCXXABI_SUPPORTS_WNEWLINE_EOF_FLAG  -nodefaultlibs   -Wnewline-eof -std=c++14 -o CMakeFiles/cmTC_9ab30.dir/src.cxx.o -c /llvm-project-release-12.x/build/CMakeFiles/CMakeTmp/src.cxx
c++: error: unrecognized command line option '-Wnewline-eof'
CMakeFiles/cmTC_9ab30.dir/build.make:65: recipe for target 'CMakeFiles/cmTC_9ab30.dir/src.cxx.o' failed
make[1]: *** [CMakeFiles/cmTC_9ab30.dir/src.cxx.o] Error 1
make[1]: Leaving directory '/llvm-project-release-12.x/build/CMakeFiles/CMakeTmp'
Makefile:121: recipe for target 'cmTC_9ab30/fast' failed
make: *** [cmTC_9ab30/fast] Error 2

Source file was:
int main() { return 0; }
Performing C++ SOURCE FILE Test LIBCXXABI_SUPPORTS_WSHORTEN_64_TO_32_FLAG failed with the following output:
Change Dir: /llvm-project-release-12.x/build/CMakeFiles/CMakeTmp

Run Build Command(s):/usr/bin/make cmTC_bafe8/fast 
/usr/bin/make -f CMakeFiles/cmTC_bafe8.dir/build.make CMakeFiles/cmTC_bafe8.dir/build
make[1]: Entering directory '/llvm-project-release-12.x/build/CMakeFiles/CMakeTmp'
Building CXX object CMakeFiles/cmTC_bafe8.dir/src.cxx.o
/usr/bin/c++    -fPIC -fvisibility-inlines-hidden -Werror=date-time -w -ffunction-sections -fdata-sections -DLIBCXXABI_SUPPORTS_WSHORTEN_64_TO_32_FLAG  -nodefaultlibs   -Wshorten-64-to-32 -std=c++14 -o CMakeFiles/cmTC_bafe8.dir/src.cxx.o -c /llvm-project-release-12.x/build/CMakeFiles/CMakeTmp/src.cxx
c++: error: unrecognized command line option '-Wshorten-64-to-32'
CMakeFiles/cmTC_bafe8.dir/build.make:65: recipe for target 'CMakeFiles/cmTC_bafe8.dir/src.cxx.o' failed
make[1]: *** [CMakeFiles/cmTC_bafe8.dir/src.cxx.o] Error 1
make[1]: Leaving directory '/llvm-project-release-12.x/build/CMakeFiles/CMakeTmp'
Makefile:121: recipe for target 'cmTC_bafe8/fast' failed
make: *** [cmTC_bafe8/fast] Error 2

Source file was:
int main() { return 0; }
Performing C++ SOURCE FILE Test LIBCXXABI_SUPPORTS_WX_FLAG failed with the following output:
Change Dir: /llvm-project-release-12.x/build/CMakeFiles/CMakeTmp

Run Build Command(s):/usr/bin/make cmTC_4f658/fast 
/usr/bin/make -f CMakeFiles/cmTC_4f658.dir/build.make CMakeFiles/cmTC_4f658.dir/build
make[1]: Entering directory '/llvm-project-release-12.x/build/CMakeFiles/CMakeTmp'
Building CXX object CMakeFiles/cmTC_4f658.dir/src.cxx.o
/usr/bin/c++    -fPIC -fvisibility-inlines-hidden -Werror=date-time -w -ffunction-sections -fdata-sections -DLIBCXXABI_SUPPORTS_WX_FLAG  -nodefaultlibs   -WX- -std=c++14 -o CMakeFiles/cmTC_4f658.dir/src.cxx.o -c /llvm-project-release-12.x/build/CMakeFiles/CMakeTmp/src.cxx
c++: error: unrecognized command line option '-WX-'
CMakeFiles/cmTC_4f658.dir/build.make:65: recipe for target 'CMakeFiles/cmTC_4f658.dir/src.cxx.o' failed
make[1]: *** [CMakeFiles/cmTC_4f658.dir/src.cxx.o] Error 1
make[1]: Leaving directory '/llvm-project-release-12.x/build/CMakeFiles/CMakeTmp'
Makefile:121: recipe for target 'cmTC_4f658/fast' failed
make: *** [cmTC_4f658/fast] Error 2

Source file was:
int main() { return 0; }
Performing C++ SOURCE FILE Test LIBCXXABI_SUPPORTS_EHSC_FLAG failed with the following output:
Change Dir: /llvm-project-release-12.x/build/CMakeFiles/CMakeTmp

Run Build Command(s):/usr/bin/make cmTC_76f8a/fast 
/usr/bin/make -f CMakeFiles/cmTC_76f8a.dir/build.make CMakeFiles/cmTC_76f8a.dir/build
make[1]: Entering directory '/llvm-project-release-12.x/build/CMakeFiles/CMakeTmp'
Building CXX object CMakeFiles/cmTC_76f8a.dir/src.cxx.o
/usr/bin/c++    -fPIC -fvisibility-inlines-hidden -Werror=date-time -w -ffunction-sections -fdata-sections -DLIBCXXABI_SUPPORTS_EHSC_FLAG  -nodefaultlibs   -EHsc -std=c++14 -o CMakeFiles/cmTC_76f8a.dir/src.cxx.o -c /llvm-project-release-12.x/build/CMakeFiles/CMakeTmp/src.cxx
c++: error: unrecognized command line option '-EHsc'
CMakeFiles/cmTC_76f8a.dir/build.make:65: recipe for target 'CMakeFiles/cmTC_76f8a.dir/src.cxx.o' failed
make[1]: *** [CMakeFiles/cmTC_76f8a.dir/src.cxx.o] Error 1
make[1]: Leaving directory '/llvm-project-release-12.x/build/CMakeFiles/CMakeTmp'
Makefile:121: recipe for target 'cmTC_76f8a/fast' failed
make: *** [cmTC_76f8a/fast] Error 2

Source file was:
int main() { return 0; }
Performing C++ SOURCE FILE Test LIBCXX_SUPPORTS_FALIGNED_ALLOCATION_FLAG failed with the following output:
Change Dir: /llvm-project-release-12.x/build/CMakeFiles/CMakeTmp

Run Build Command(s):/usr/bin/make cmTC_0bfbe/fast 
/usr/bin/make -f CMakeFiles/cmTC_0bfbe.dir/build.make CMakeFiles/cmTC_0bfbe.dir/build
make[1]: Entering directory '/llvm-project-release-12.x/build/CMakeFiles/CMakeTmp'
Building CXX object CMakeFiles/cmTC_0bfbe.dir/src.cxx.o
/usr/bin/c++    -fPIC -fvisibility-inlines-hidden -Werror=date-time -w -ffunction-sections -fdata-sections -DLIBCXX_SUPPORTS_FALIGNED_ALLOCATION_FLAG  -nodefaultlibs   -faligned-allocation -std=c++14 -o CMakeFiles/cmTC_0bfbe.dir/src.cxx.o -c /llvm-project-release-12.x/build/CMakeFiles/CMakeTmp/src.cxx
c++: error: unrecognized command line option '-faligned-allocation'
CMakeFiles/cmTC_0bfbe.dir/build.make:65: recipe for target 'CMakeFiles/cmTC_0bfbe.dir/src.cxx.o' failed
make[1]: *** [CMakeFiles/cmTC_0bfbe.dir/src.cxx.o] Error 1
make[1]: Leaving directory '/llvm-project-release-12.x/build/CMakeFiles/CMakeTmp'
Makefile:121: recipe for target 'cmTC_0bfbe/fast' failed
make: *** [cmTC_0bfbe/fast] Error 2

Source file was:
int main() { return 0; }
Performing C++ SOURCE FILE Test LIBCXX_SUPPORTS_WEXTRA_SEMI_FLAG failed with the following output:
Change Dir: /llvm-project-release-12.x/build/CMakeFiles/CMakeTmp

Run Build Command(s):/usr/bin/make cmTC_39c39/fast 
/usr/bin/make -f CMakeFiles/cmTC_39c39.dir/build.make CMakeFiles/cmTC_39c39.dir/build
make[1]: Entering directory '/llvm-project-release-12.x/build/CMakeFiles/CMakeTmp'
Building CXX object CMakeFiles/cmTC_39c39.dir/src.cxx.o
/usr/bin/c++    -fPIC -fvisibility-inlines-hidden -Werror=date-time -w -ffunction-sections -fdata-sections -DLIBCXX_SUPPORTS_WEXTRA_SEMI_FLAG  -nodefaultlibs   -Wextra-semi -std=c++14 -o CMakeFiles/cmTC_39c39.dir/src.cxx.o -c /llvm-project-release-12.x/build/CMakeFiles/CMakeTmp/src.cxx
c++: error: unrecognized command line option '-Wextra-semi'
CMakeFiles/cmTC_39c39.dir/build.make:65: recipe for target 'CMakeFiles/cmTC_39c39.dir/src.cxx.o' failed
make[1]: *** [CMakeFiles/cmTC_39c39.dir/src.cxx.o] Error 1
make[1]: Leaving directory '/llvm-project-release-12.x/build/CMakeFiles/CMakeTmp'
Makefile:121: recipe for target 'cmTC_39c39/fast' failed
make: *** [cmTC_39c39/fast] Error 2

Source file was:
int main() { return 0; }
Performing C++ SOURCE FILE Test LIBCXX_SUPPORTS_EHSC_FLAG failed with the following output:
Change Dir: /llvm-project-release-12.x/build/CMakeFiles/CMakeTmp

Run Build Command(s):/usr/bin/make cmTC_fec95/fast 
/usr/bin/make -f CMakeFiles/cmTC_fec95.dir/build.make CMakeFiles/cmTC_fec95.dir/build
make[1]: Entering directory '/llvm-project-release-12.x/build/CMakeFiles/CMakeTmp'
Building CXX object CMakeFiles/cmTC_fec95.dir/src.cxx.o
/usr/bin/c++    -fPIC -fvisibility-inlines-hidden -Werror=date-time -w -ffunction-sections -fdata-sections -DLIBCXX_SUPPORTS_EHSC_FLAG  -nodefaultlibs   -EHsc -std=c++14 -o CMakeFiles/cmTC_fec95.dir/src.cxx.o -c /llvm-project-release-12.x/build/CMakeFiles/CMakeTmp/src.cxx
c++: error: unrecognized command line option '-EHsc'
CMakeFiles/cmTC_fec95.dir/build.make:65: recipe for target 'CMakeFiles/cmTC_fec95.dir/src.cxx.o' failed
make[1]: *** [CMakeFiles/cmTC_fec95.dir/src.cxx.o] Error 1
make[1]: Leaving directory '/llvm-project-release-12.x/build/CMakeFiles/CMakeTmp'
Makefile:121: recipe for target 'cmTC_fec95/fast' failed
make: *** [cmTC_fec95/fast] Error 2

Source file was:
int main() { return 0; }
Performing C++ SOURCE FILE Test LIBCXX_SUPPORTS_ZL_FLAG failed with the following output:
Change Dir: /llvm-project-release-12.x/build/CMakeFiles/CMakeTmp

Run Build Command(s):/usr/bin/make cmTC_a95cd/fast 
/usr/bin/make -f CMakeFiles/cmTC_a95cd.dir/build.make CMakeFiles/cmTC_a95cd.dir/build
make[1]: Entering directory '/llvm-project-release-12.x/build/CMakeFiles/CMakeTmp'
Building CXX object CMakeFiles/cmTC_a95cd.dir/src.cxx.o
/usr/bin/c++    -fPIC -fvisibility-inlines-hidden -Werror=date-time -w -ffunction-sections -fdata-sections -DLIBCXX_SUPPORTS_ZL_FLAG  -nodefaultlibs   /Zl -std=c++14 -o CMakeFiles/cmTC_a95cd.dir/src.cxx.o -c /llvm-project-release-12.x/build/CMakeFiles/CMakeTmp/src.cxx
c++: error: /Zl: No such file or directory
CMakeFiles/cmTC_a95cd.dir/build.make:65: recipe for target 'CMakeFiles/cmTC_a95cd.dir/src.cxx.o' failed
make[1]: *** [CMakeFiles/cmTC_a95cd.dir/src.cxx.o] Error 1
make[1]: Leaving directory '/llvm-project-release-12.x/build/CMakeFiles/CMakeTmp'
Makefile:121: recipe for target 'cmTC_a95cd/fast' failed
make: *** [cmTC_a95cd/fast] Error 2

Source file was:
int main() { return 0; }
Performing C++ SOURCE FILE Test LIBCXX_SUPPORTS_NODEFAULTLIB_FLAG failed with the following output:
Change Dir: /llvm-project-release-12.x/build/CMakeFiles/CMakeTmp

Run Build Command(s):/usr/bin/make cmTC_48730/fast 
/usr/bin/make -f CMakeFiles/cmTC_48730.dir/build.make CMakeFiles/cmTC_48730.dir/build
make[1]: Entering directory '/llvm-project-release-12.x/build/CMakeFiles/CMakeTmp'
Building CXX object CMakeFiles/cmTC_48730.dir/src.cxx.o
/usr/bin/c++    -fPIC -fvisibility-inlines-hidden -Werror=date-time -w -ffunction-sections -fdata-sections -DLIBCXX_SUPPORTS_NODEFAULTLIB_FLAG  -nodefaultlibs   /nodefaultlib -std=c++14 -o CMakeFiles/cmTC_48730.dir/src.cxx.o -c /llvm-project-release-12.x/build/CMakeFiles/CMakeTmp/src.cxx
c++: error: /nodefaultlib: No such file or directory
CMakeFiles/cmTC_48730.dir/build.make:65: recipe for target 'CMakeFiles/cmTC_48730.dir/src.cxx.o' failed
make[1]: *** [CMakeFiles/cmTC_48730.dir/src.cxx.o] Error 1
make[1]: Leaving directory '/llvm-project-release-12.x/build/CMakeFiles/CMakeTmp'
Makefile:121: recipe for target 'cmTC_48730/fast' failed
make: *** [cmTC_48730/fast] Error 2

Source file was:
int main() { return 0; }
Performing C++ SOURCE FILE Test COMPILER_RT_HAS_FNO_SANITIZE_SAFE_STACK_FLAG failed with the following output:
Change Dir: /llvm-project-release-12.x/build/CMakeFiles/CMakeTmp

Run Build Command(s):/usr/bin/make cmTC_16e81/fast 
/usr/bin/make -f CMakeFiles/cmTC_16e81.dir/build.make CMakeFiles/cmTC_16e81.dir/build
make[1]: Entering directory '/llvm-project-release-12.x/build/CMakeFiles/CMakeTmp'
Building CXX object CMakeFiles/cmTC_16e81.dir/src.cxx.o
/usr/bin/c++    -fPIC -fvisibility-inlines-hidden -Werror=date-time -w -ffunction-sections -fdata-sections -DCOMPILER_RT_HAS_FNO_SANITIZE_SAFE_STACK_FLAG  -nodefaultlibs   -fno-sanitize=safe-stack -std=c++14 -o CMakeFiles/cmTC_16e81.dir/src.cxx.o -c /llvm-project-release-12.x/build/CMakeFiles/CMakeTmp/src.cxx
c++: error: unrecognized argument to -fsanitize= option: 'safe-stack'
CMakeFiles/cmTC_16e81.dir/build.make:65: recipe for target 'CMakeFiles/cmTC_16e81.dir/src.cxx.o' failed
make[1]: *** [CMakeFiles/cmTC_16e81.dir/src.cxx.o] Error 1
make[1]: Leaving directory '/llvm-project-release-12.x/build/CMakeFiles/CMakeTmp'
Makefile:121: recipe for target 'cmTC_16e81/fast' failed
make: *** [cmTC_16e81/fast] Error 2

Source file was:
int main() { return 0; }
Performing C++ SOURCE FILE Test COMPILER_RT_HAS_FNO_PROFILE_INSTR_GENERATE_FLAG failed with the following output:
Change Dir: /llvm-project-release-12.x/build/CMakeFiles/CMakeTmp

Run Build Command(s):/usr/bin/make cmTC_ccbde/fast 
/usr/bin/make -f CMakeFiles/cmTC_ccbde.dir/build.make CMakeFiles/cmTC_ccbde.dir/build
make[1]: Entering directory '/llvm-project-release-12.x/build/CMakeFiles/CMakeTmp'
Building CXX object CMakeFiles/cmTC_ccbde.dir/src.cxx.o
/usr/bin/c++    -fPIC -fvisibility-inlines-hidden -Werror=date-time -w -ffunction-sections -fdata-sections -DCOMPILER_RT_HAS_FNO_PROFILE_INSTR_GENERATE_FLAG  -nodefaultlibs   -fno-profile-instr-generate -std=c++14 -o CMakeFiles/cmTC_ccbde.dir/src.cxx.o -c /llvm-project-release-12.x/build/CMakeFiles/CMakeTmp/src.cxx
c++: error: unrecognized command line option '-fno-profile-instr-generate'
CMakeFiles/cmTC_ccbde.dir/build.make:65: recipe for target 'CMakeFiles/cmTC_ccbde.dir/src.cxx.o' failed
make[1]: *** [CMakeFiles/cmTC_ccbde.dir/src.cxx.o] Error 1
make[1]: Leaving directory '/llvm-project-release-12.x/build/CMakeFiles/CMakeTmp'
Makefile:121: recipe for target 'cmTC_ccbde/fast' failed
make: *** [cmTC_ccbde/fast] Error 2

Source file was:
int main() { return 0; }
Performing C++ SOURCE FILE Test COMPILER_RT_HAS_FNO_PROFILE_INSTR_USE_FLAG failed with the following output:
Change Dir: /llvm-project-release-12.x/build/CMakeFiles/CMakeTmp

Run Build Command(s):/usr/bin/make cmTC_535a9/fast 
/usr/bin/make -f CMakeFiles/cmTC_535a9.dir/build.make CMakeFiles/cmTC_535a9.dir/build
make[1]: Entering directory '/llvm-project-release-12.x/build/CMakeFiles/CMakeTmp'
Building CXX object CMakeFiles/cmTC_535a9.dir/src.cxx.o
/usr/bin/c++    -fPIC -fvisibility-inlines-hidden -Werror=date-time -w -ffunction-sections -fdata-sections -DCOMPILER_RT_HAS_FNO_PROFILE_INSTR_USE_FLAG  -nodefaultlibs   -fno-profile-instr-use -std=c++14 -o CMakeFiles/cmTC_535a9.dir/src.cxx.o -c /llvm-project-release-12.x/build/CMakeFiles/CMakeTmp/src.cxx
c++: error: unrecognized command line option '-fno-profile-instr-use'
CMakeFiles/cmTC_535a9.dir/build.make:65: recipe for target 'CMakeFiles/cmTC_535a9.dir/src.cxx.o' failed
make[1]: *** [CMakeFiles/cmTC_535a9.dir/src.cxx.o] Error 1
make[1]: Leaving directory '/llvm-project-release-12.x/build/CMakeFiles/CMakeTmp'
Makefile:121: recipe for target 'cmTC_535a9/fast' failed
make: *** [cmTC_535a9/fast] Error 2

Source file was:
int main() { return 0; }
Performing C++ SOURCE FILE Test COMPILER_RT_HAS_MCRC_FLAG failed with the following output:
Change Dir: /llvm-project-release-12.x/build/CMakeFiles/CMakeTmp

Run Build Command(s):/usr/bin/make cmTC_48b5a/fast 
/usr/bin/make -f CMakeFiles/cmTC_48b5a.dir/build.make CMakeFiles/cmTC_48b5a.dir/build
make[1]: Entering directory '/llvm-project-release-12.x/build/CMakeFiles/CMakeTmp'
Building CXX object CMakeFiles/cmTC_48b5a.dir/src.cxx.o
/usr/bin/c++    -fPIC -fvisibility-inlines-hidden -Werror=date-time -w -ffunction-sections -fdata-sections -DCOMPILER_RT_HAS_MCRC_FLAG  -nodefaultlibs   -Werror -mcrc -std=c++14 -o CMakeFiles/cmTC_48b5a.dir/src.cxx.o -c /llvm-project-release-12.x/build/CMakeFiles/CMakeTmp/src.cxx
c++: error: unrecognized command line option '-mcrc'
CMakeFiles/cmTC_48b5a.dir/build.make:65: recipe for target 'CMakeFiles/cmTC_48b5a.dir/src.cxx.o' failed
make[1]: *** [CMakeFiles/cmTC_48b5a.dir/src.cxx.o] Error 1
make[1]: Leaving directory '/llvm-project-release-12.x/build/CMakeFiles/CMakeTmp'
Makefile:121: recipe for target 'cmTC_48b5a/fast' failed
make: *** [cmTC_48b5a/fast] Error 2

Source file was:
int main() { return 0; }
Performing C++ SOURCE FILE Test COMPILER_RT_HAS_GR_FLAG failed with the following output:
Change Dir: /llvm-project-release-12.x/build/CMakeFiles/CMakeTmp

Run Build Command(s):/usr/bin/make cmTC_41002/fast 
/usr/bin/make -f CMakeFiles/cmTC_41002.dir/build.make CMakeFiles/cmTC_41002.dir/build
make[1]: Entering directory '/llvm-project-release-12.x/build/CMakeFiles/CMakeTmp'
Building CXX object CMakeFiles/cmTC_41002.dir/src.cxx.o
/usr/bin/c++    -fPIC -fvisibility-inlines-hidden -Werror=date-time -w -ffunction-sections -fdata-sections -DCOMPILER_RT_HAS_GR_FLAG  -nodefaultlibs   /GR -std=c++14 -o CMakeFiles/cmTC_41002.dir/src.cxx.o -c /llvm-project-release-12.x/build/CMakeFiles/CMakeTmp/src.cxx
c++: error: /GR: No such file or directory
CMakeFiles/cmTC_41002.dir/build.make:65: recipe for target 'CMakeFiles/cmTC_41002.dir/src.cxx.o' failed
make[1]: *** [CMakeFiles/cmTC_41002.dir/src.cxx.o] Error 1
make[1]: Leaving directory '/llvm-project-release-12.x/build/CMakeFiles/CMakeTmp'
Makefile:121: recipe for target 'cmTC_41002/fast' failed
make: *** [cmTC_41002/fast] Error 2

Source file was:
int main() { return 0; }
Performing C++ SOURCE FILE Test COMPILER_RT_HAS_GS_FLAG failed with the following output:
Change Dir: /llvm-project-release-12.x/build/CMakeFiles/CMakeTmp

Run Build Command(s):/usr/bin/make cmTC_05abe/fast 
/usr/bin/make -f CMakeFiles/cmTC_05abe.dir/build.make CMakeFiles/cmTC_05abe.dir/build
make[1]: Entering directory '/llvm-project-release-12.x/build/CMakeFiles/CMakeTmp'
Building CXX object CMakeFiles/cmTC_05abe.dir/src.cxx.o
/usr/bin/c++    -fPIC -fvisibility-inlines-hidden -Werror=date-time -w -ffunction-sections -fdata-sections -DCOMPILER_RT_HAS_GS_FLAG  -nodefaultlibs   /GS -std=c++14 -o CMakeFiles/cmTC_05abe.dir/src.cxx.o -c /llvm-project-release-12.x/build/CMakeFiles/CMakeTmp/src.cxx
c++: error: /GS: No such file or directory
CMakeFiles/cmTC_05abe.dir/build.make:65: recipe for target 'CMakeFiles/cmTC_05abe.dir/src.cxx.o' failed
make[1]: *** [CMakeFiles/cmTC_05abe.dir/src.cxx.o] Error 1
make[1]: Leaving directory '/llvm-project-release-12.x/build/CMakeFiles/CMakeTmp'
Makefile:121: recipe for target 'cmTC_05abe/fast' failed
make: *** [cmTC_05abe/fast] Error 2

Source file was:
int main() { return 0; }
Performing C++ SOURCE FILE Test COMPILER_RT_HAS_MT_FLAG failed with the following output:
Change Dir: /llvm-project-release-12.x/build/CMakeFiles/CMakeTmp

Run Build Command(s):/usr/bin/make cmTC_52dda/fast 
/usr/bin/make -f CMakeFiles/cmTC_52dda.dir/build.make CMakeFiles/cmTC_52dda.dir/build
make[1]: Entering directory '/llvm-project-release-12.x/build/CMakeFiles/CMakeTmp'
Building CXX object CMakeFiles/cmTC_52dda.dir/src.cxx.o
/usr/bin/c++    -fPIC -fvisibility-inlines-hidden -Werror=date-time -w -ffunction-sections -fdata-sections -DCOMPILER_RT_HAS_MT_FLAG  -nodefaultlibs   /MT -std=c++14 -o CMakeFiles/cmTC_52dda.dir/src.cxx.o -c /llvm-project-release-12.x/build/CMakeFiles/CMakeTmp/src.cxx
c++: error: /MT: No such file or directory
CMakeFiles/cmTC_52dda.dir/build.make:65: recipe for target 'CMakeFiles/cmTC_52dda.dir/src.cxx.o' failed
make[1]: *** [CMakeFiles/cmTC_52dda.dir/src.cxx.o] Error 1
make[1]: Leaving directory '/llvm-project-release-12.x/build/CMakeFiles/CMakeTmp'
Makefile:121: recipe for target 'cmTC_52dda/fast' failed
make: *** [cmTC_52dda/fast] Error 2

Source file was:
int main() { return 0; }
Performing C++ SOURCE FILE Test COMPILER_RT_HAS_Oy_FLAG failed with the following output:
Change Dir: /llvm-project-release-12.x/build/CMakeFiles/CMakeTmp

Run Build Command(s):/usr/bin/make cmTC_67d6b/fast 
/usr/bin/make -f CMakeFiles/cmTC_67d6b.dir/build.make CMakeFiles/cmTC_67d6b.dir/build
make[1]: Entering directory '/llvm-project-release-12.x/build/CMakeFiles/CMakeTmp'
Building CXX object CMakeFiles/cmTC_67d6b.dir/src.cxx.o
/usr/bin/c++    -fPIC -fvisibility-inlines-hidden -Werror=date-time -w -ffunction-sections -fdata-sections -DCOMPILER_RT_HAS_Oy_FLAG  -nodefaultlibs   /Oy -std=c++14 -o CMakeFiles/cmTC_67d6b.dir/src.cxx.o -c /llvm-project-release-12.x/build/CMakeFiles/CMakeTmp/src.cxx
c++: error: /Oy: No such file or directory
CMakeFiles/cmTC_67d6b.dir/build.make:65: recipe for target 'CMakeFiles/cmTC_67d6b.dir/src.cxx.o' failed
make[1]: *** [CMakeFiles/cmTC_67d6b.dir/src.cxx.o] Error 1
make[1]: Leaving directory '/llvm-project-release-12.x/build/CMakeFiles/CMakeTmp'
Makefile:121: recipe for target 'cmTC_67d6b/fast' failed
make: *** [cmTC_67d6b/fast] Error 2

Source file was:
int main() { return 0; }
Performing C++ SOURCE FILE Test COMPILER_RT_HAS_GLINE_TABLES_ONLY_FLAG failed with the following output:
Change Dir: /llvm-project-release-12.x/build/CMakeFiles/CMakeTmp

Run Build Command(s):/usr/bin/make cmTC_1bb6c/fast 
/usr/bin/make -f CMakeFiles/cmTC_1bb6c.dir/build.make CMakeFiles/cmTC_1bb6c.dir/build
make[1]: Entering directory '/llvm-project-release-12.x/build/CMakeFiles/CMakeTmp'
Building CXX object CMakeFiles/cmTC_1bb6c.dir/src.cxx.o
/usr/bin/c++    -fPIC -fvisibility-inlines-hidden -Werror=date-time -w -ffunction-sections -fdata-sections -DCOMPILER_RT_HAS_GLINE_TABLES_ONLY_FLAG  -nodefaultlibs   -gline-tables-only -std=c++14 -o CMakeFiles/cmTC_1bb6c.dir/src.cxx.o -c /llvm-project-release-12.x/build/CMakeFiles/CMakeTmp/src.cxx
cc1plus: error: unrecognised debug output level 'line-tables-only'
CMakeFiles/cmTC_1bb6c.dir/build.make:65: recipe for target 'CMakeFiles/cmTC_1bb6c.dir/src.cxx.o' failed
make[1]: *** [CMakeFiles/cmTC_1bb6c.dir/src.cxx.o] Error 1
make[1]: Leaving directory '/llvm-project-release-12.x/build/CMakeFiles/CMakeTmp'
Makefile:121: recipe for target 'cmTC_1bb6c/fast' failed
make: *** [cmTC_1bb6c/fast] Error 2

Source file was:
int main() { return 0; }
Performing C++ SOURCE FILE Test COMPILER_RT_HAS_Zi_FLAG failed with the following output:
Change Dir: /llvm-project-release-12.x/build/CMakeFiles/CMakeTmp

Run Build Command(s):/usr/bin/make cmTC_59fa8/fast 
/usr/bin/make -f CMakeFiles/cmTC_59fa8.dir/build.make CMakeFiles/cmTC_59fa8.dir/build
make[1]: Entering directory '/llvm-project-release-12.x/build/CMakeFiles/CMakeTmp'
Building CXX object CMakeFiles/cmTC_59fa8.dir/src.cxx.o
/usr/bin/c++    -fPIC -fvisibility-inlines-hidden -Werror=date-time -w -ffunction-sections -fdata-sections -DCOMPILER_RT_HAS_Zi_FLAG  -nodefaultlibs   /Zi -std=c++14 -o CMakeFiles/cmTC_59fa8.dir/src.cxx.o -c /llvm-project-release-12.x/build/CMakeFiles/CMakeTmp/src.cxx
c++: error: /Zi: No such file or directory
CMakeFiles/cmTC_59fa8.dir/build.make:65: recipe for target 'CMakeFiles/cmTC_59fa8.dir/src.cxx.o' failed
make[1]: *** [CMakeFiles/cmTC_59fa8.dir/src.cxx.o] Error 1
make[1]: Leaving directory '/llvm-project-release-12.x/build/CMakeFiles/CMakeTmp'
Makefile:121: recipe for target 'cmTC_59fa8/fast' failed
make: *** [cmTC_59fa8/fast] Error 2

Source file was:
int main() { return 0; }
Performing C++ SOURCE FILE Test COMPILER_RT_HAS_WGLOBAL_CONSTRUCTORS_FLAG failed with the following output:
Change Dir: /llvm-project-release-12.x/build/CMakeFiles/CMakeTmp

Run Build Command(s):/usr/bin/make cmTC_01c10/fast 
/usr/bin/make -f CMakeFiles/cmTC_01c10.dir/build.make CMakeFiles/cmTC_01c10.dir/build
make[1]: Entering directory '/llvm-project-release-12.x/build/CMakeFiles/CMakeTmp'
Building CXX object CMakeFiles/cmTC_01c10.dir/src.cxx.o
/usr/bin/c++    -fPIC -fvisibility-inlines-hidden -Werror=date-time -w -ffunction-sections -fdata-sections -DCOMPILER_RT_HAS_WGLOBAL_CONSTRUCTORS_FLAG  -nodefaultlibs   -Werror -Wglobal-constructors -std=c++14 -o CMakeFiles/cmTC_01c10.dir/src.cxx.o -c /llvm-project-release-12.x/build/CMakeFiles/CMakeTmp/src.cxx
c++: error: unrecognized command line option '-Wglobal-constructors'
CMakeFiles/cmTC_01c10.dir/build.make:65: recipe for target 'CMakeFiles/cmTC_01c10.dir/src.cxx.o' failed
make[1]: *** [CMakeFiles/cmTC_01c10.dir/src.cxx.o] Error 1
make[1]: Leaving directory '/llvm-project-release-12.x/build/CMakeFiles/CMakeTmp'
Makefile:121: recipe for target 'cmTC_01c10/fast' failed
make: *** [cmTC_01c10/fast] Error 2

Source file was:
int main() { return 0; }
Performing C++ SOURCE FILE Test COMPILER_RT_HAS_WC99_EXTENSIONS_FLAG failed with the following output:
Change Dir: /llvm-project-release-12.x/build/CMakeFiles/CMakeTmp

Run Build Command(s):/usr/bin/make cmTC_a8591/fast 
/usr/bin/make -f CMakeFiles/cmTC_a8591.dir/build.make CMakeFiles/cmTC_a8591.dir/build
make[1]: Entering directory '/llvm-project-release-12.x/build/CMakeFiles/CMakeTmp'
Building CXX object CMakeFiles/cmTC_a8591.dir/src.cxx.o
/usr/bin/c++    -fPIC -fvisibility-inlines-hidden -Werror=date-time -w -ffunction-sections -fdata-sections -DCOMPILER_RT_HAS_WC99_EXTENSIONS_FLAG  -nodefaultlibs   -Werror -Wc99-extensions -std=c++14 -o CMakeFiles/cmTC_a8591.dir/src.cxx.o -c /llvm-project-release-12.x/build/CMakeFiles/CMakeTmp/src.cxx
c++: error: unrecognized command line option '-Wc99-extensions'
CMakeFiles/cmTC_a8591.dir/build.make:65: recipe for target 'CMakeFiles/cmTC_a8591.dir/src.cxx.o' failed
make[1]: *** [CMakeFiles/cmTC_a8591.dir/src.cxx.o] Error 1
make[1]: Leaving directory '/llvm-project-release-12.x/build/CMakeFiles/CMakeTmp'
Makefile:121: recipe for target 'cmTC_a8591/fast' failed
make: *** [cmTC_a8591/fast] Error 2

Source file was:
int main() { return 0; }
Performing C++ SOURCE FILE Test COMPILER_RT_HAS_WGNU_FLAG failed with the following output:
Change Dir: /llvm-project-release-12.x/build/CMakeFiles/CMakeTmp

Run Build Command(s):/usr/bin/make cmTC_ac4b5/fast 
/usr/bin/make -f CMakeFiles/cmTC_ac4b5.dir/build.make CMakeFiles/cmTC_ac4b5.dir/build
make[1]: Entering directory '/llvm-project-release-12.x/build/CMakeFiles/CMakeTmp'
Building CXX object CMakeFiles/cmTC_ac4b5.dir/src.cxx.o
/usr/bin/c++    -fPIC -fvisibility-inlines-hidden -Werror=date-time -w -ffunction-sections -fdata-sections -DCOMPILER_RT_HAS_WGNU_FLAG  -nodefaultlibs   -Werror -Wgnu -std=c++14 -o CMakeFiles/cmTC_ac4b5.dir/src.cxx.o -c /llvm-project-release-12.x/build/CMakeFiles/CMakeTmp/src.cxx
c++: error: unrecognized command line option '-Wgnu'
CMakeFiles/cmTC_ac4b5.dir/build.make:65: recipe for target 'CMakeFiles/cmTC_ac4b5.dir/src.cxx.o' failed
make[1]: *** [CMakeFiles/cmTC_ac4b5.dir/src.cxx.o] Error 1
make[1]: Leaving directory '/llvm-project-release-12.x/build/CMakeFiles/CMakeTmp'
Makefile:121: recipe for target 'cmTC_ac4b5/fast' failed
make: *** [cmTC_ac4b5/fast] Error 2

Source file was:
int main() { return 0; }
Performing C++ SOURCE FILE Test COMPILER_RT_HAS_WCOVERED_SWITCH_DEFAULT_FLAG failed with the following output:
Change Dir: /llvm-project-release-12.x/build/CMakeFiles/CMakeTmp

Run Build Command(s):/usr/bin/make cmTC_03507/fast 
/usr/bin/make -f CMakeFiles/cmTC_03507.dir/build.make CMakeFiles/cmTC_03507.dir/build
make[1]: Entering directory '/llvm-project-release-12.x/build/CMakeFiles/CMakeTmp'
Building CXX object CMakeFiles/cmTC_03507.dir/src.cxx.o
/usr/bin/c++    -fPIC -fvisibility-inlines-hidden -Werror=date-time -w -ffunction-sections -fdata-sections -DCOMPILER_RT_HAS_WCOVERED_SWITCH_DEFAULT_FLAG  -nodefaultlibs   -Werror -Wcovered-switch-default -std=c++14 -o CMakeFiles/cmTC_03507.dir/src.cxx.o -c /llvm-project-release-12.x/build/CMakeFiles/CMakeTmp/src.cxx
c++: error: unrecognized command line option '-Wcovered-switch-default'
CMakeFiles/cmTC_03507.dir/build.make:65: recipe for target 'CMakeFiles/cmTC_03507.dir/src.cxx.o' failed
make[1]: *** [CMakeFiles/cmTC_03507.dir/src.cxx.o] Error 1
make[1]: Leaving directory '/llvm-project-release-12.x/build/CMakeFiles/CMakeTmp'
Makefile:121: recipe for target 'cmTC_03507/fast' failed
make: *** [cmTC_03507/fast] Error 2

Source file was:
int main() { return 0; }
Performing C++ SOURCE FILE Test COMPILER_RT_HAS_W4_FLAG failed with the following output:
Change Dir: /llvm-project-release-12.x/build/CMakeFiles/CMakeTmp

Run Build Command(s):/usr/bin/make cmTC_ebe64/fast 
/usr/bin/make -f CMakeFiles/cmTC_ebe64.dir/build.make CMakeFiles/cmTC_ebe64.dir/build
make[1]: Entering directory '/llvm-project-release-12.x/build/CMakeFiles/CMakeTmp'
Building CXX object CMakeFiles/cmTC_ebe64.dir/src.cxx.o
/usr/bin/c++    -fPIC -fvisibility-inlines-hidden -Werror=date-time -w -ffunction-sections -fdata-sections -DCOMPILER_RT_HAS_W4_FLAG  -nodefaultlibs   /W4 -std=c++14 -o CMakeFiles/cmTC_ebe64.dir/src.cxx.o -c /llvm-project-release-12.x/build/CMakeFiles/CMakeTmp/src.cxx
c++: error: /W4: No such file or directory
CMakeFiles/cmTC_ebe64.dir/build.make:65: recipe for target 'CMakeFiles/cmTC_ebe64.dir/src.cxx.o' failed
make[1]: *** [CMakeFiles/cmTC_ebe64.dir/src.cxx.o] Error 1
make[1]: Leaving directory '/llvm-project-release-12.x/build/CMakeFiles/CMakeTmp'
Makefile:121: recipe for target 'cmTC_ebe64/fast' failed
make: *** [cmTC_ebe64/fast] Error 2

Source file was:
int main() { return 0; }
Performing C++ SOURCE FILE Test COMPILER_RT_HAS_WX_FLAG failed with the following output:
Change Dir: /llvm-project-release-12.x/build/CMakeFiles/CMakeTmp

Run Build Command(s):/usr/bin/make cmTC_a24ac/fast 
/usr/bin/make -f CMakeFiles/cmTC_a24ac.dir/build.make CMakeFiles/cmTC_a24ac.dir/build
make[1]: Entering directory '/llvm-project-release-12.x/build/CMakeFiles/CMakeTmp'
Building CXX object CMakeFiles/cmTC_a24ac.dir/src.cxx.o
/usr/bin/c++    -fPIC -fvisibility-inlines-hidden -Werror=date-time -w -ffunction-sections -fdata-sections -DCOMPILER_RT_HAS_WX_FLAG  -nodefaultlibs   /WX -std=c++14 -o CMakeFiles/cmTC_a24ac.dir/src.cxx.o -c /llvm-project-release-12.x/build/CMakeFiles/CMakeTmp/src.cxx
c++: error: /WX: No such file or directory
CMakeFiles/cmTC_a24ac.dir/build.make:65: recipe for target 'CMakeFiles/cmTC_a24ac.dir/src.cxx.o' failed
make[1]: *** [CMakeFiles/cmTC_a24ac.dir/src.cxx.o] Error 1
make[1]: Leaving directory '/llvm-project-release-12.x/build/CMakeFiles/CMakeTmp'
Makefile:121: recipe for target 'cmTC_a24ac/fast' failed
make: *** [cmTC_a24ac/fast] Error 2

Source file was:
int main() { return 0; }
Performing C++ SOURCE FILE Test COMPILER_RT_HAS_WD4146_FLAG failed with the following output:
Change Dir: /llvm-project-release-12.x/build/CMakeFiles/CMakeTmp

Run Build Command(s):/usr/bin/make cmTC_eb62b/fast 
/usr/bin/make -f CMakeFiles/cmTC_eb62b.dir/build.make CMakeFiles/cmTC_eb62b.dir/build
make[1]: Entering directory '/llvm-project-release-12.x/build/CMakeFiles/CMakeTmp'
Building CXX object CMakeFiles/cmTC_eb62b.dir/src.cxx.o
/usr/bin/c++    -fPIC -fvisibility-inlines-hidden -Werror=date-time -w -ffunction-sections -fdata-sections -DCOMPILER_RT_HAS_WD4146_FLAG  -nodefaultlibs   /wd4146 -std=c++14 -o CMakeFiles/cmTC_eb62b.dir/src.cxx.o -c /llvm-project-release-12.x/build/CMakeFiles/CMakeTmp/src.cxx
c++: error: /wd4146: No such file or directory
CMakeFiles/cmTC_eb62b.dir/build.make:65: recipe for target 'CMakeFiles/cmTC_eb62b.dir/src.cxx.o' failed
make[1]: *** [CMakeFiles/cmTC_eb62b.dir/src.cxx.o] Error 1
make[1]: Leaving directory '/llvm-project-release-12.x/build/CMakeFiles/CMakeTmp'
Makefile:121: recipe for target 'cmTC_eb62b/fast' failed
make: *** [cmTC_eb62b/fast] Error 2

Source file was:
int main() { return 0; }
Performing C++ SOURCE FILE Test COMPILER_RT_HAS_WD4291_FLAG failed with the following output:
Change Dir: /llvm-project-release-12.x/build/CMakeFiles/CMakeTmp

Run Build Command(s):/usr/bin/make cmTC_1b543/fast 
/usr/bin/make -f CMakeFiles/cmTC_1b543.dir/build.make CMakeFiles/cmTC_1b543.dir/build
make[1]: Entering directory '/llvm-project-release-12.x/build/CMakeFiles/CMakeTmp'
Building CXX object CMakeFiles/cmTC_1b543.dir/src.cxx.o
/usr/bin/c++    -fPIC -fvisibility-inlines-hidden -Werror=date-time -w -ffunction-sections -fdata-sections -DCOMPILER_RT_HAS_WD4291_FLAG  -nodefaultlibs   /wd4291 -std=c++14 -o CMakeFiles/cmTC_1b543.dir/src.cxx.o -c /llvm-project-release-12.x/build/CMakeFiles/CMakeTmp/src.cxx
c++: error: /wd4291: No such file or directory
CMakeFiles/cmTC_1b543.dir/build.make:65: recipe for target 'CMakeFiles/cmTC_1b543.dir/src.cxx.o' failed
make[1]: *** [CMakeFiles/cmTC_1b543.dir/src.cxx.o] Error 1
make[1]: Leaving directory '/llvm-project-release-12.x/build/CMakeFiles/CMakeTmp'
Makefile:121: recipe for target 'cmTC_1b543/fast' failed
make: *** [cmTC_1b543/fast] Error 2

Source file was:
int main() { return 0; }
Performing C++ SOURCE FILE Test COMPILER_RT_HAS_WD4221_FLAG failed with the following output:
Change Dir: /llvm-project-release-12.x/build/CMakeFiles/CMakeTmp

Run Build Command(s):/usr/bin/make cmTC_a17a2/fast 
/usr/bin/make -f CMakeFiles/cmTC_a17a2.dir/build.make CMakeFiles/cmTC_a17a2.dir/build
make[1]: Entering directory '/llvm-project-release-12.x/build/CMakeFiles/CMakeTmp'
Building CXX object CMakeFiles/cmTC_a17a2.dir/src.cxx.o
/usr/bin/c++    -fPIC -fvisibility-inlines-hidden -Werror=date-time -w -ffunction-sections -fdata-sections -DCOMPILER_RT_HAS_WD4221_FLAG  -nodefaultlibs   /wd4221 -std=c++14 -o CMakeFiles/cmTC_a17a2.dir/src.cxx.o -c /llvm-project-release-12.x/build/CMakeFiles/CMakeTmp/src.cxx
c++: error: /wd4221: No such file or directory
CMakeFiles/cmTC_a17a2.dir/build.make:65: recipe for target 'CMakeFiles/cmTC_a17a2.dir/src.cxx.o' failed
make[1]: *** [CMakeFiles/cmTC_a17a2.dir/src.cxx.o] Error 1
make[1]: Leaving directory '/llvm-project-release-12.x/build/CMakeFiles/CMakeTmp'
Makefile:121: recipe for target 'cmTC_a17a2/fast' failed
make: *** [cmTC_a17a2/fast] Error 2

Source file was:
int main() { return 0; }
Performing C++ SOURCE FILE Test COMPILER_RT_HAS_WD4391_FLAG failed with the following output:
Change Dir: /llvm-project-release-12.x/build/CMakeFiles/CMakeTmp

Run Build Command(s):/usr/bin/make cmTC_29dcc/fast 
/usr/bin/make -f CMakeFiles/cmTC_29dcc.dir/build.make CMakeFiles/cmTC_29dcc.dir/build
make[1]: Entering directory '/llvm-project-release-12.x/build/CMakeFiles/CMakeTmp'
Building CXX object CMakeFiles/cmTC_29dcc.dir/src.cxx.o
/usr/bin/c++    -fPIC -fvisibility-inlines-hidden -Werror=date-time -w -ffunction-sections -fdata-sections -DCOMPILER_RT_HAS_WD4391_FLAG  -nodefaultlibs   /wd4391 -std=c++14 -o CMakeFiles/cmTC_29dcc.dir/src.cxx.o -c /llvm-project-release-12.x/build/CMakeFiles/CMakeTmp/src.cxx
c++: error: /wd4391: No such file or directory
CMakeFiles/cmTC_29dcc.dir/build.make:65: recipe for target 'CMakeFiles/cmTC_29dcc.dir/src.cxx.o' failed
make[1]: *** [CMakeFiles/cmTC_29dcc.dir/src.cxx.o] Error 1
make[1]: Leaving directory '/llvm-project-release-12.x/build/CMakeFiles/CMakeTmp'
Makefile:121: recipe for target 'cmTC_29dcc/fast' failed
make: *** [cmTC_29dcc/fast] Error 2

Source file was:
int main() { return 0; }
Performing C++ SOURCE FILE Test COMPILER_RT_HAS_WD4722_FLAG failed with the following output:
Change Dir: /llvm-project-release-12.x/build/CMakeFiles/CMakeTmp

Run Build Command(s):/usr/bin/make cmTC_6b2cf/fast 
/usr/bin/make -f CMakeFiles/cmTC_6b2cf.dir/build.make CMakeFiles/cmTC_6b2cf.dir/build
make[1]: Entering directory '/llvm-project-release-12.x/build/CMakeFiles/CMakeTmp'
Building CXX object CMakeFiles/cmTC_6b2cf.dir/src.cxx.o
/usr/bin/c++    -fPIC -fvisibility-inlines-hidden -Werror=date-time -w -ffunction-sections -fdata-sections -DCOMPILER_RT_HAS_WD4722_FLAG  -nodefaultlibs   /wd4722 -std=c++14 -o CMakeFiles/cmTC_6b2cf.dir/src.cxx.o -c /llvm-project-release-12.x/build/CMakeFiles/CMakeTmp/src.cxx
c++: error: /wd4722: No such file or directory
CMakeFiles/cmTC_6b2cf.dir/build.make:65: recipe for target 'CMakeFiles/cmTC_6b2cf.dir/src.cxx.o' failed
make[1]: *** [CMakeFiles/cmTC_6b2cf.dir/src.cxx.o] Error 1
make[1]: Leaving directory '/llvm-project-release-12.x/build/CMakeFiles/CMakeTmp'
Makefile:121: recipe for target 'cmTC_6b2cf/fast' failed
make: *** [cmTC_6b2cf/fast] Error 2

Source file was:
int main() { return 0; }
Performing C++ SOURCE FILE Test COMPILER_RT_HAS_WD4800_FLAG failed with the following output:
Change Dir: /llvm-project-release-12.x/build/CMakeFiles/CMakeTmp

Run Build Command(s):/usr/bin/make cmTC_1f6e2/fast 
/usr/bin/make -f CMakeFiles/cmTC_1f6e2.dir/build.make CMakeFiles/cmTC_1f6e2.dir/build
make[1]: Entering directory '/llvm-project-release-12.x/build/CMakeFiles/CMakeTmp'
Building CXX object CMakeFiles/cmTC_1f6e2.dir/src.cxx.o
/usr/bin/c++    -fPIC -fvisibility-inlines-hidden -Werror=date-time -w -ffunction-sections -fdata-sections -DCOMPILER_RT_HAS_WD4800_FLAG  -nodefaultlibs   /wd4800 -std=c++14 -o CMakeFiles/cmTC_1f6e2.dir/src.cxx.o -c /llvm-project-release-12.x/build/CMakeFiles/CMakeTmp/src.cxx
c++: error: /wd4800: No such file or directory
CMakeFiles/cmTC_1f6e2.dir/build.make:65: recipe for target 'CMakeFiles/cmTC_1f6e2.dir/src.cxx.o' failed
make[1]: *** [CMakeFiles/cmTC_1f6e2.dir/src.cxx.o] Error 1
make[1]: Leaving directory '/llvm-project-release-12.x/build/CMakeFiles/CMakeTmp'
Makefile:121: recipe for target 'cmTC_1f6e2/fast' failed
make: *** [cmTC_1f6e2/fast] Error 2

Source file was:
int main() { return 0; }
Performing C++ SOURCE FILE Test COMPILER_RT_HAS_NOSTDLIBXX_FLAG failed with the following output:
Change Dir: /llvm-project-release-12.x/build/CMakeFiles/CMakeTmp

Run Build Command(s):/usr/bin/make cmTC_07cd9/fast 
/usr/bin/make -f CMakeFiles/cmTC_07cd9.dir/build.make CMakeFiles/cmTC_07cd9.dir/build
make[1]: Entering directory '/llvm-project-release-12.x/build/CMakeFiles/CMakeTmp'
Building CXX object CMakeFiles/cmTC_07cd9.dir/src.cxx.o
/usr/bin/c++    -fPIC -fvisibility-inlines-hidden -Werror=date-time -w -ffunction-sections -fdata-sections -DCOMPILER_RT_HAS_NOSTDLIBXX_FLAG  -nodefaultlibs   -nostdlib++ -std=c++14 -o CMakeFiles/cmTC_07cd9.dir/src.cxx.o -c /llvm-project-release-12.x/build/CMakeFiles/CMakeTmp/src.cxx
c++: error: unrecognized command line option '-nostdlib++'
CMakeFiles/cmTC_07cd9.dir/build.make:65: recipe for target 'CMakeFiles/cmTC_07cd9.dir/src.cxx.o' failed
make[1]: *** [CMakeFiles/cmTC_07cd9.dir/src.cxx.o] Error 1
make[1]: Leaving directory '/llvm-project-release-12.x/build/CMakeFiles/CMakeTmp'
Makefile:121: recipe for target 'cmTC_07cd9/fast' failed
make: *** [cmTC_07cd9/fast] Error 2

Source file was:
int main() { return 0; }
Determining if the function backtrace exists in the execinfo failed with the following output:
Change Dir: /llvm-project-release-12.x/build/CMakeFiles/CMakeTmp

Run Build Command(s):/usr/bin/make cmTC_d054a/fast 
/usr/bin/make -f CMakeFiles/cmTC_d054a.dir/build.make CMakeFiles/cmTC_d054a.dir/build
make[1]: Entering directory '/llvm-project-release-12.x/build/CMakeFiles/CMakeTmp'
Building C object CMakeFiles/cmTC_d054a.dir/CheckFunctionExists.c.o
/usr/bin/cc -D_GNU_SOURCE  -fPIC -Werror=date-time -w -ffunction-sections -fdata-sections -DCHECK_FUNCTION_EXISTS=backtrace  -nodefaultlibs   -o CMakeFiles/cmTC_d054a.dir/CheckFunctionExists.c.o   -c /usr/local/share/cmake-3.14/Modules/CheckFunctionExists.c
Linking C executable cmTC_d054a
/usr/local/bin/cmake -E cmake_link_script CMakeFiles/cmTC_d054a.dir/link.txt --verbose=1
/usr/bin/cc  -fPIC -Werror=date-time -w -ffunction-sections -fdata-sections -DCHECK_FUNCTION_EXISTS=backtrace  -nodefaultlibs    CMakeFiles/cmTC_d054a.dir/CheckFunctionExists.c.o  -o cmTC_d054a -lexecinfo -lm -lc -lgcc_s 
/usr/bin/ld: cannot find -lexecinfo
collect2: error: ld returned 1 exit status
CMakeFiles/cmTC_d054a.dir/build.make:86: recipe for target 'cmTC_d054a' failed
make[1]: *** [cmTC_d054a] Error 1
make[1]: Leaving directory '/llvm-project-release-12.x/build/CMakeFiles/CMakeTmp'
Makefile:121: recipe for target 'cmTC_d054a/fast' failed
make: *** [cmTC_d054a/fast] Error 2


Determining if the function __cxa_throw exists in the c++ failed with the following output:
Change Dir: /llvm-project-release-12.x/build/CMakeFiles/CMakeTmp

Run Build Command(s):/usr/bin/make cmTC_d0227/fast 
/usr/bin/make -f CMakeFiles/cmTC_d0227.dir/build.make CMakeFiles/cmTC_d0227.dir/build
make[1]: Entering directory '/llvm-project-release-12.x/build/CMakeFiles/CMakeTmp'
Building C object CMakeFiles/cmTC_d0227.dir/CheckFunctionExists.c.o
/usr/bin/cc -D_GNU_SOURCE  -fPIC -Werror=date-time -w -ffunction-sections -fdata-sections -DCHECK_FUNCTION_EXISTS=__cxa_throw  -nodefaultlibs   -o CMakeFiles/cmTC_d0227.dir/CheckFunctionExists.c.o   -c /usr/local/share/cmake-3.14/Modules/CheckFunctionExists.c
Linking C executable cmTC_d0227
/usr/local/bin/cmake -E cmake_link_script CMakeFiles/cmTC_d0227.dir/link.txt --verbose=1
/usr/bin/cc  -fPIC -Werror=date-time -w -ffunction-sections -fdata-sections -DCHECK_FUNCTION_EXISTS=__cxa_throw  -nodefaultlibs    CMakeFiles/cmTC_d0227.dir/CheckFunctionExists.c.o  -o cmTC_d0227 -lc++ -lm -lc -lgcc_s 
/usr/bin/ld: cannot find -lc++
collect2: error: ld returned 1 exit status
CMakeFiles/cmTC_d0227.dir/build.make:86: recipe for target 'cmTC_d0227' failed
make[1]: *** [cmTC_d0227] Error 1
make[1]: Leaving directory '/llvm-project-release-12.x/build/CMakeFiles/CMakeTmp'
Makefile:121: recipe for target 'cmTC_d0227/fast' failed
make: *** [cmTC_d0227/fast] Error 2


Performing C++ SOURCE FILE Test COMPILER_RT_HAS_FUSE_LD_LLD_FLAG failed with the following output:
Change Dir: /llvm-project-release-12.x/build/CMakeFiles/CMakeTmp

Run Build Command(s):/usr/bin/make cmTC_d9e52/fast 
/usr/bin/make -f CMakeFiles/cmTC_d9e52.dir/build.make CMakeFiles/cmTC_d9e52.dir/build
make[1]: Entering directory '/llvm-project-release-12.x/build/CMakeFiles/CMakeTmp'
Building CXX object CMakeFiles/cmTC_d9e52.dir/src.cxx.o
/usr/bin/c++    -fPIC -fvisibility-inlines-hidden -Werror=date-time -w -ffunction-sections -fdata-sections -DCOMPILER_RT_HAS_FUSE_LD_LLD_FLAG  -nodefaultlibs -fuse-ld=lld   -std=c++14 -o CMakeFiles/cmTC_d9e52.dir/src.cxx.o -c /llvm-project-release-12.x/build/CMakeFiles/CMakeTmp/src.cxx
c++: error: unrecognized command line option '-fuse-ld=lld'
CMakeFiles/cmTC_d9e52.dir/build.make:65: recipe for target 'CMakeFiles/cmTC_d9e52.dir/src.cxx.o' failed
make[1]: *** [CMakeFiles/cmTC_d9e52.dir/src.cxx.o] Error 1
make[1]: Leaving directory '/llvm-project-release-12.x/build/CMakeFiles/CMakeTmp'
Makefile:121: recipe for target 'cmTC_d9e52/fast' failed
make: *** [cmTC_d9e52/fast] Error 2

Source file was:
int main() { return 0; }
Determining if the __i386__ exist failed with the following output:
Change Dir: /llvm-project-release-12.x/build/CMakeFiles/CMakeTmp

Run Build Command(s):/usr/bin/make cmTC_26f6d/fast 
/usr/bin/make -f CMakeFiles/cmTC_26f6d.dir/build.make CMakeFiles/cmTC_26f6d.dir/build
make[1]: Entering directory '/llvm-project-release-12.x/build/CMakeFiles/CMakeTmp'
Building C object CMakeFiles/cmTC_26f6d.dir/CheckSymbolExists.c.o
/usr/bin/cc -D_GNU_SOURCE  -fPIC -Werror=date-time -w -ffunction-sections -fdata-sections  -nodefaultlibs  -m32   -o CMakeFiles/cmTC_26f6d.dir/CheckSymbolExists.c.o   -c /llvm-project-release-12.x/build/CMakeFiles/CMakeTmp/CheckSymbolExists.c
Linking C executable cmTC_26f6d
/usr/local/bin/cmake -E cmake_link_script CMakeFiles/cmTC_26f6d.dir/link.txt --verbose=1
/usr/bin/cc  -fPIC -Werror=date-time -w -ffunction-sections -fdata-sections  -nodefaultlibs  -m32    CMakeFiles/cmTC_26f6d.dir/CheckSymbolExists.c.o  -o cmTC_26f6d -lm -lc -lgcc_s 
/usr/bin/ld: cannot find crt1.o: No such file or directory
/usr/bin/ld: cannot find crti.o: No such file or directory
/usr/bin/ld: cannot find -lm
/usr/bin/ld: cannot find -lc
/usr/bin/ld: skipping incompatible /usr/lib/gcc/x86_64-linux-gnu/5/libgcc_s.so when searching for -lgcc_s
/usr/bin/ld: cannot find -lgcc_s
/usr/bin/ld: cannot find crtn.o: No such file or directory
collect2: error: ld returned 1 exit status
CMakeFiles/cmTC_26f6d.dir/build.make:86: recipe for target 'cmTC_26f6d' failed
make[1]: *** [cmTC_26f6d] Error 1
make[1]: Leaving directory '/llvm-project-release-12.x/build/CMakeFiles/CMakeTmp'
Makefile:121: recipe for target 'cmTC_26f6d/fast' failed
make: *** [cmTC_26f6d/fast] Error 2

File /llvm-project-release-12.x/build/CMakeFiles/CMakeTmp/CheckSymbolExists.c:
/* */

int main(int argc, char** argv)
{
  (void)argv;
#ifndef __i386__
  return ((int*)(&__i386__))[argc];
#else
  (void)argc;
  return 0;
#endif
}

Testing compiler for supporting FLAGS-fxray-instrument:
Command: /usr/bin/cc;;;;-fPIC;-Werror=date-time;-w;-ffunction-sections;-fdata-sections;-Wall;-Wno-unused-parameter;-fxray-instrument;-o;/llvm-project-release-12.x/build/CMakeFiles/test.o;;;-c;/llvm-project-release-12.x/build/CMakeFiles/src.c

cc: error: unrecognized command line option '-fxray-instrument'

1
Testing compiler for supporting SOURCE
_Float16 foo(_Float16 x) {
 return x
}
:
Command: /usr/bin/cc;;;;-fPIC;-Werror=date-time;-w;-ffunction-sections;-fdata-sections;-Wall;-Wno-unused-parameter;;-o;/llvm-project-release-12.x/build/CMakeFiles/test.o;;;-c;/llvm-project-release-12.x/build/CMakeFiles/src.c

/llvm-project-release-12.x/build/CMakeFiles/src.c:2:1: error: unknown type name '_Float16'
 _Float16 foo(_Float16 x) {
 ^
/llvm-project-release-12.x/build/CMakeFiles/src.c:2:14: error: unknown type name '_Float16'
 _Float16 foo(_Float16 x) {
              ^

1
Testing compiler for supporting SOURCE
asm(".arch armv8-a+lse")
asm("cas w0, w1, [x2]")
:
Command: /usr/bin/cc;;;;-fPIC;-Werror=date-time;-w;-ffunction-sections;-fdata-sections;-Wall;-Wno-unused-parameter;;-o;/llvm-project-release-12.x/build/CMakeFiles/test.o;;;-c;/llvm-project-release-12.x/build/CMakeFiles/src.c

/tmp/cczJXexB.s: Assembler messages:
/tmp/cczJXexB.s:3: Error: no such architecture: `armv8'
/tmp/cczJXexB.s:3: Error: junk at end of line, first unrecognized character is `-'
/tmp/cczJXexB.s:4: Error: no such instruction: `cas w0,w1,[x2]'

1
Performing C++ SOURCE FILE Test CXX_SUPPORTS_NO_NESTED_ANON_TYPES_FLAG failed with the following output:
Change Dir: /llvm-project-release-12.x/build/CMakeFiles/CMakeTmp

Run Build Command(s):/usr/bin/make cmTC_46cd6/fast 
/usr/bin/make -f CMakeFiles/cmTC_46cd6.dir/build.make CMakeFiles/cmTC_46cd6.dir/build
make[1]: Entering directory '/llvm-project-release-12.x/build/CMakeFiles/CMakeTmp'
Building CXX object CMakeFiles/cmTC_46cd6.dir/src.cxx.o
/usr/bin/c++    -fPIC -fvisibility-inlines-hidden -Werror=date-time -w -ffunction-sections -fdata-sections -fno-common -Woverloaded-virtual -fno-strict-aliasing -DCXX_SUPPORTS_NO_NESTED_ANON_TYPES_FLAG   -Werror -Wnested-anon-types -std=c++14 -o CMakeFiles/cmTC_46cd6.dir/src.cxx.o -c /llvm-project-release-12.x/build/CMakeFiles/CMakeTmp/src.cxx
c++: error: unrecognized command line option '-Wnested-anon-types'
CMakeFiles/cmTC_46cd6.dir/build.make:65: recipe for target 'CMakeFiles/cmTC_46cd6.dir/src.cxx.o' failed
make[1]: *** [CMakeFiles/cmTC_46cd6.dir/src.cxx.o] Error 1
make[1]: Leaving directory '/llvm-project-release-12.x/build/CMakeFiles/CMakeTmp'
Makefile:121: recipe for target 'cmTC_46cd6/fast' failed
make: *** [cmTC_46cd6/fast] Error 2

Source file was:
int main() { return 0; }
